<!DOCTYPE html>

<html>
  <head>
  <meta charset='utf-8'>
  <title>TestNG reports</title>

    <link type="text/css" href="testng-reports.css" rel="stylesheet" />  
    <script type="text/javascript" src="jquery-1.7.1.min.js"></script>
    <script type="text/javascript" src="testng-reports.js"></script>
    <script type="text/javascript" src="https://www.google.com/jsapi"></script>
    <script type='text/javascript'>
      google.load('visualization', '1', {packages:['table']});
      google.setOnLoadCallback(drawTable);
      var suiteTableInitFunctions = new Array();
      var suiteTableData = new Array();
    </script>
    <!--
      <script type="text/javascript" src="jquery-ui/js/jquery-ui-1.8.16.custom.min.js"></script>
     -->
  </head>

  <body>
    <div class="top-banner-root">
      <span class="top-banner-title-font">Test results</span>
      <br/>
      <span class="top-banner-font-1">1 suite, 5 failed tests</span>
    </div> <!-- top-banner-root -->
    <div class="navigator-root">
      <div class="navigator-suite-header">
        <span>All suites</span>
        <a href="#" class="collapse-all-link" title="Collapse/expand all the suites">
          <img class="collapse-all-icon" src="collapseall.gif">
          </img> <!-- collapse-all-icon -->
        </a> <!-- collapse-all-link -->
      </div> <!-- navigator-suite-header -->
      <div class="suite">
        <div class="rounded-window">
          <div class="suite-header light-rounded-window-top">
            <a href="#" class="navigator-link" panel-name="suite-Regression_Test">
              <span class="suite-name border-failed">Regression Test</span>
            </a> <!-- navigator-link -->
          </div> <!-- suite-header light-rounded-window-top -->
          <div class="navigator-suite-content">
            <div class="suite-section-title">
              <span>Info</span>
            </div> <!-- suite-section-title -->
            <div class="suite-section-content">
              <ul>
                <li>
                  <a href="#" class="navigator-link " panel-name="test-xml-Regression_Test">
                    <span>testng_iOS.xml</span>
                  </a> <!-- navigator-link  -->
                </li>
                <li>
                  <a href="#" class="navigator-link " panel-name="testlist-Regression_Test">
                    <span class="test-stats">1 test</span>
                  </a> <!-- navigator-link  -->
                </li>
                <li>
                  <a href="#" class="navigator-link " panel-name="group-Regression_Test">
                    <span>0 groups</span>
                  </a> <!-- navigator-link  -->
                </li>
                <li>
                  <a href="#" class="navigator-link " panel-name="times-Regression_Test">
                    <span>Times</span>
                  </a> <!-- navigator-link  -->
                </li>
                <li>
                  <a href="#" class="navigator-link " panel-name="reporter-Regression_Test">
                    <span>Reporter output</span>
                  </a> <!-- navigator-link  -->
                </li>
                <li>
                  <a href="#" class="navigator-link " panel-name="ignored-methods-Regression_Test">
                    <span>Ignored methods</span>
                  </a> <!-- navigator-link  -->
                </li>
                <li>
                  <a href="#" class="navigator-link " panel-name="chronological-Regression_Test">
                    <span>Chronological view</span>
                  </a> <!-- navigator-link  -->
                </li>
              </ul>
            </div> <!-- suite-section-content -->
            <div class="result-section">
              <div class="suite-section-title">
                <span>Results</span>
              </div> <!-- suite-section-title -->
              <div class="suite-section-content">
                <ul>
                  <li>
                    <span class="method-stats">5 methods, 5 failed,   </span>
                  </li>
                  <li>
                    <span class="method-list-title failed">Failed methods</span>
                    <span class="show-or-hide-methods failed">
                      <a href="#" panel-name="suite-Regression_Test" class="hide-methods failed suite-Regression_Test"> (hide)</a> <!-- hide-methods failed suite-Regression_Test -->
                      <a href="#" panel-name="suite-Regression_Test" class="show-methods failed suite-Regression_Test"> (show)</a> <!-- show-methods failed suite-Regression_Test -->
                    </span>
                    <div class="method-list-content failed suite-Regression_Test">
                      <span>
                        <img width="3%" src="failed.png"/>
                        <a href="#" class="method navigator-link" panel-name="suite-Regression_Test" title="TestSc.composePage" hash-for-method="composeGiftFromCamera">composeGiftFromCamera</a> <!-- method navigator-link -->
                      </span>
                      <br/>
                      <span>
                        <img width="3%" src="failed.png"/>
                        <a href="#" class="method navigator-link" panel-name="suite-Regression_Test" title="TestSc.composePage" hash-for-method="composeImageGiftFromGallery">composeImageGiftFromGallery</a> <!-- method navigator-link -->
                      </span>
                      <br/>
                      <span>
                        <img width="3%" src="failed.png"/>
                        <a href="#" class="method navigator-link" panel-name="suite-Regression_Test" title="TestSc.composePage" hash-for-method="composeVideoGiftFromGallery">composeVideoGiftFromGallery</a> <!-- method navigator-link -->
                      </span>
                      <br/>
                      <span>
                        <img width="3%" src="failed.png"/>
                        <a href="#" class="method navigator-link" panel-name="suite-Regression_Test" title="TestSc.composePage" hash-for-method="composeWeblinkasGift(7845640866, India, Bob, Builder, BobBuilder@cn.com, Hello Dear , https://www.google.co.in/, Kiran Gm...)">composeWeblinkasGift(7845640866, India, Bob, Builder, BobBuilder@cn.com, Hello Dear , https://www.google.co.in/, Kiran Gm...)</a> <!-- method navigator-link -->
                      </span>
                      <br/>
                      <span>
                        <img width="3%" src="failed.png"/>
                        <a href="#" class="method navigator-link" panel-name="suite-Regression_Test" title="TestSc.composePage" hash-for-method="composetextasGift(7845640866, India, Bob, Builder, BobBuilder@cn.com, Hello Dear , https://www.google.co.in/, Kiran Gm...)">composetextasGift(7845640866, India, Bob, Builder, BobBuilder@cn.com, Hello Dear , https://www.google.co.in/, Kiran Gm...)</a> <!-- method navigator-link -->
                      </span>
                      <br/>
                    </div> <!-- method-list-content failed suite-Regression_Test -->
                  </li>
                </ul>
              </div> <!-- suite-section-content -->
            </div> <!-- result-section -->
          </div> <!-- navigator-suite-content -->
        </div> <!-- rounded-window -->
      </div> <!-- suite -->
    </div> <!-- navigator-root -->
    <div class="wrapper">
      <div class="main-panel-root">
        <div panel-name="suite-Regression_Test" class="panel Regression_Test">
          <div class="suite-Regression_Test-class-failed">
            <div class="main-panel-header rounded-window-top">
              <img src="failed.png"/>
              <span class="class-name">TestSc.composePage</span>
            </div> <!-- main-panel-header rounded-window-top -->
            <div class="main-panel-content rounded-window-bottom">
              <div class="method">
                <div class="method-content">
                  <a name="composeGiftFromCamera">
                  </a> <!-- composeGiftFromCamera -->
                  <span class="method-name">composeGiftFromCamera</span>
                  <div class="stack-trace">org.openqa.selenium.NoSuchSessionException: A session is either terminated or not started (WARNING: The server did not provide any stacktrace information)
Command duration or timeout: 148 milliseconds
Build info: version: &apos;3.3.1&apos;, revision: &apos;5234b325d5&apos;, time: &apos;2017-03-10 09:10:29 +0000&apos;
System info: host: &apos;kirans-MacBook-Pro.local&apos;, ip: &apos;fe80:0:0:0:467:c7b7:5159:ffe3%en0&apos;, os.name: &apos;Mac OS X&apos;, os.arch: &apos;x86_64&apos;, os.version: &apos;10.12.6&apos;, java.version: &apos;1.8.0_101&apos;
Driver info: io.appium.java_client.ios.IOSDriver
Capabilities [{app=/Users/gmx/Desktop/soYou_66/SoYou.app, networkConnectionEnabled=false, noReset=true, xcodeOrgId=V862VGVUC2, bundleId=com.joyn.soyou, databaseEnabled=false, deviceName=so&apos;s iPhone, xcodeSigningId=Default, platform=MAC, agentPath=/Users/gmx/node_modules/appium-xcuitest-driver/WebDriverAgent/WebDriverAgent.xcodeproj, bootstrapPath=/Users/gmx/node_modules/appium-xcuitest-driver/WebDriverAgent, platformVersion=10.2.1, webStorageEnabled=false, locationContextEnabled=false, automationName=XCUITest, useNewWDA=true, browserName=, takesScreenshot=true, javascriptEnabled=true, platformName=iOS, udid=e03daa8b2365bf156e6b0a31977add1b013b3a8a, autoAcceptAlerts=true}]
Session ID: c973eafb-27c4-4bab-96ef-52e18acfe182
*** Element info: {Using=accessibility id, value=Gift Camera}
	at org.openqa.selenium.remote.ErrorHandler.createThrowable(ErrorHandler.java:216)
	at org.openqa.selenium.remote.ErrorHandler.throwIfResponseFailed(ErrorHandler.java:168)
	at org.openqa.selenium.remote.RemoteWebDriver.execute(RemoteWebDriver.java:638)
	at io.appium.java_client.DefaultGenericMobileDriver.execute(DefaultGenericMobileDriver.java:42)
	at io.appium.java_client.AppiumDriver.execute(AppiumDriver.java:1)
	at io.appium.java_client.ios.IOSDriver.execute(IOSDriver.java:1)
	at org.openqa.selenium.remote.RemoteWebDriver.findElement(RemoteWebDriver.java:371)
	at io.appium.java_client.DefaultGenericMobileDriver.findElement(DefaultGenericMobileDriver.java:62)
	at io.appium.java_client.AppiumDriver.findElement(AppiumDriver.java:1)
	at io.appium.java_client.ios.IOSDriver.findElement(IOSDriver.java:1)
	at io.appium.java_client.FindsByAccessibilityId.findElementByAccessibilityId(FindsByAccessibilityId.java:31)
	at io.appium.java_client.MobileBy$ByAccessibilityId.findElement(MobileBy.java:288)
	at org.openqa.selenium.remote.RemoteWebDriver.findElement(RemoteWebDriver.java:363)
	at io.appium.java_client.DefaultGenericMobileDriver.findElement(DefaultGenericMobileDriver.java:58)
	at io.appium.java_client.AppiumDriver.findElement(AppiumDriver.java:1)
	at io.appium.java_client.ios.IOSDriver.findElement(IOSDriver.java:1)
	at pageobjects.composescreen.ComposeImageFromCamera(composescreen.java:214)
	at TestSc.composePage.composeGiftFromCamera(composePage.java:28)
... Removed 29 stack frames
</div> <!-- stack-trace -->
                </div> <!-- method-content -->
              </div> <!-- method -->
              <div class="method">
                <div class="method-content">
                  <a name="composeImageGiftFromGallery">
                  </a> <!-- composeImageGiftFromGallery -->
                  <span class="method-name">composeImageGiftFromGallery</span>
                  <div class="stack-trace">org.openqa.selenium.NoSuchSessionException: A session is either terminated or not started (WARNING: The server did not provide any stacktrace information)
Command duration or timeout: 9 milliseconds
Build info: version: &apos;3.3.1&apos;, revision: &apos;5234b325d5&apos;, time: &apos;2017-03-10 09:10:29 +0000&apos;
System info: host: &apos;kirans-MacBook-Pro.local&apos;, ip: &apos;fe80:0:0:0:467:c7b7:5159:ffe3%en0&apos;, os.name: &apos;Mac OS X&apos;, os.arch: &apos;x86_64&apos;, os.version: &apos;10.12.6&apos;, java.version: &apos;1.8.0_101&apos;
Driver info: io.appium.java_client.ios.IOSDriver
Capabilities [{app=/Users/gmx/Desktop/soYou_66/SoYou.app, networkConnectionEnabled=false, noReset=true, xcodeOrgId=V862VGVUC2, bundleId=com.joyn.soyou, databaseEnabled=false, deviceName=so&apos;s iPhone, xcodeSigningId=Default, platform=MAC, agentPath=/Users/gmx/node_modules/appium-xcuitest-driver/WebDriverAgent/WebDriverAgent.xcodeproj, bootstrapPath=/Users/gmx/node_modules/appium-xcuitest-driver/WebDriverAgent, platformVersion=10.2.1, webStorageEnabled=false, locationContextEnabled=false, automationName=XCUITest, useNewWDA=true, browserName=, takesScreenshot=true, javascriptEnabled=true, platformName=iOS, udid=e03daa8b2365bf156e6b0a31977add1b013b3a8a, autoAcceptAlerts=true}]
Session ID: c973eafb-27c4-4bab-96ef-52e18acfe182
*** Element info: {Using=xpath, value=//XCUIElementTypeTabBar/XCUIElementTypeButton}
	at org.openqa.selenium.remote.ErrorHandler.createThrowable(ErrorHandler.java:216)
	at org.openqa.selenium.remote.ErrorHandler.throwIfResponseFailed(ErrorHandler.java:168)
	at org.openqa.selenium.remote.RemoteWebDriver.execute(RemoteWebDriver.java:638)
	at io.appium.java_client.DefaultGenericMobileDriver.execute(DefaultGenericMobileDriver.java:42)
	at io.appium.java_client.AppiumDriver.execute(AppiumDriver.java:1)
	at io.appium.java_client.ios.IOSDriver.execute(IOSDriver.java:1)
	at org.openqa.selenium.remote.RemoteWebDriver.findElements(RemoteWebDriver.java:396)
	at io.appium.java_client.DefaultGenericMobileDriver.findElements(DefaultGenericMobileDriver.java:54)
	at io.appium.java_client.AppiumDriver.findElements(AppiumDriver.java:168)
	at org.openqa.selenium.remote.RemoteWebDriver.findElementsByXPath(RemoteWebDriver.java:480)
	at io.appium.java_client.DefaultGenericMobileDriver.findElementsByXPath(DefaultGenericMobileDriver.java:144)
	at io.appium.java_client.AppiumDriver.findElementsByXPath(AppiumDriver.java:200)
	at org.openqa.selenium.By$ByXPath.findElements(By.java:356)
	at org.openqa.selenium.remote.RemoteWebDriver.findElements(RemoteWebDriver.java:359)
	at io.appium.java_client.DefaultGenericMobileDriver.findElements(DefaultGenericMobileDriver.java:50)
	at io.appium.java_client.AppiumDriver.findElements(AppiumDriver.java:164)
	at pageobjects.composescreen.IsselectContactsDisplayed(composescreen.java:80)
	at TestSc.composePage.composeImageGiftFromGallery(composePage.java:36)
... Removed 29 stack frames
</div> <!-- stack-trace -->
                </div> <!-- method-content -->
              </div> <!-- method -->
              <div class="method">
                <div class="method-content">
                  <a name="composeVideoGiftFromGallery">
                  </a> <!-- composeVideoGiftFromGallery -->
                  <span class="method-name">composeVideoGiftFromGallery</span>
                  <div class="stack-trace">org.openqa.selenium.NoSuchSessionException: A session is either terminated or not started (WARNING: The server did not provide any stacktrace information)
Command duration or timeout: 7 milliseconds
Build info: version: &apos;3.3.1&apos;, revision: &apos;5234b325d5&apos;, time: &apos;2017-03-10 09:10:29 +0000&apos;
System info: host: &apos;kirans-MacBook-Pro.local&apos;, ip: &apos;fe80:0:0:0:467:c7b7:5159:ffe3%en0&apos;, os.name: &apos;Mac OS X&apos;, os.arch: &apos;x86_64&apos;, os.version: &apos;10.12.6&apos;, java.version: &apos;1.8.0_101&apos;
Driver info: io.appium.java_client.ios.IOSDriver
Capabilities [{app=/Users/gmx/Desktop/soYou_66/SoYou.app, networkConnectionEnabled=false, noReset=true, xcodeOrgId=V862VGVUC2, bundleId=com.joyn.soyou, databaseEnabled=false, deviceName=so&apos;s iPhone, xcodeSigningId=Default, platform=MAC, agentPath=/Users/gmx/node_modules/appium-xcuitest-driver/WebDriverAgent/WebDriverAgent.xcodeproj, bootstrapPath=/Users/gmx/node_modules/appium-xcuitest-driver/WebDriverAgent, platformVersion=10.2.1, webStorageEnabled=false, locationContextEnabled=false, automationName=XCUITest, useNewWDA=true, browserName=, takesScreenshot=true, javascriptEnabled=true, platformName=iOS, udid=e03daa8b2365bf156e6b0a31977add1b013b3a8a, autoAcceptAlerts=true}]
Session ID: c973eafb-27c4-4bab-96ef-52e18acfe182
*** Element info: {Using=xpath, value=//XCUIElementTypeTabBar/XCUIElementTypeButton}
	at org.openqa.selenium.remote.ErrorHandler.createThrowable(ErrorHandler.java:216)
	at org.openqa.selenium.remote.ErrorHandler.throwIfResponseFailed(ErrorHandler.java:168)
	at org.openqa.selenium.remote.RemoteWebDriver.execute(RemoteWebDriver.java:638)
	at io.appium.java_client.DefaultGenericMobileDriver.execute(DefaultGenericMobileDriver.java:42)
	at io.appium.java_client.AppiumDriver.execute(AppiumDriver.java:1)
	at io.appium.java_client.ios.IOSDriver.execute(IOSDriver.java:1)
	at org.openqa.selenium.remote.RemoteWebDriver.findElements(RemoteWebDriver.java:396)
	at io.appium.java_client.DefaultGenericMobileDriver.findElements(DefaultGenericMobileDriver.java:54)
	at io.appium.java_client.AppiumDriver.findElements(AppiumDriver.java:168)
	at org.openqa.selenium.remote.RemoteWebDriver.findElementsByXPath(RemoteWebDriver.java:480)
	at io.appium.java_client.DefaultGenericMobileDriver.findElementsByXPath(DefaultGenericMobileDriver.java:144)
	at io.appium.java_client.AppiumDriver.findElementsByXPath(AppiumDriver.java:200)
	at org.openqa.selenium.By$ByXPath.findElements(By.java:356)
	at org.openqa.selenium.remote.RemoteWebDriver.findElements(RemoteWebDriver.java:359)
	at io.appium.java_client.DefaultGenericMobileDriver.findElements(DefaultGenericMobileDriver.java:50)
	at io.appium.java_client.AppiumDriver.findElements(AppiumDriver.java:164)
	at pageobjects.composescreen.IsselectContactsDisplayed(composescreen.java:80)
	at TestSc.composePage.composeVideoGiftFromGallery(composePage.java:46)
... Removed 29 stack frames
</div> <!-- stack-trace -->
                </div> <!-- method-content -->
              </div> <!-- method -->
              <div class="method">
                <div class="method-content">
                  <a name="composeWeblinkasGift(7845640866, India, Bob, Builder, BobBuilder@cn.com, Hello Dear , https://www.google.co.in/, Kiran Gm...)">
                  </a> <!-- composeWeblinkasGift(7845640866, India, Bob, Builder, BobBuilder@cn.com, Hello Dear , https://www.google.co.in/, Kiran Gm...) -->
                  <span class="method-name">composeWeblinkasGift</span>
                  <span class="parameters">(7845640866, India, Bob, Builder, BobBuilder@cn.com, Hello Dear , https://www.google.co.in/, Kiran Gmx, Testing)</span>
                  <div class="stack-trace">org.openqa.selenium.NoSuchSessionException: A session is either terminated or not started (WARNING: The server did not provide any stacktrace information)
Command duration or timeout: 7 milliseconds
Build info: version: &apos;3.3.1&apos;, revision: &apos;5234b325d5&apos;, time: &apos;2017-03-10 09:10:29 +0000&apos;
System info: host: &apos;kirans-MacBook-Pro.local&apos;, ip: &apos;fe80:0:0:0:467:c7b7:5159:ffe3%en0&apos;, os.name: &apos;Mac OS X&apos;, os.arch: &apos;x86_64&apos;, os.version: &apos;10.12.6&apos;, java.version: &apos;1.8.0_101&apos;
Driver info: io.appium.java_client.ios.IOSDriver
Capabilities [{app=/Users/gmx/Desktop/soYou_66/SoYou.app, networkConnectionEnabled=false, noReset=true, xcodeOrgId=V862VGVUC2, bundleId=com.joyn.soyou, databaseEnabled=false, deviceName=so&apos;s iPhone, xcodeSigningId=Default, platform=MAC, agentPath=/Users/gmx/node_modules/appium-xcuitest-driver/WebDriverAgent/WebDriverAgent.xcodeproj, bootstrapPath=/Users/gmx/node_modules/appium-xcuitest-driver/WebDriverAgent, platformVersion=10.2.1, webStorageEnabled=false, locationContextEnabled=false, automationName=XCUITest, useNewWDA=true, browserName=, takesScreenshot=true, javascriptEnabled=true, platformName=iOS, udid=e03daa8b2365bf156e6b0a31977add1b013b3a8a, autoAcceptAlerts=true}]
Session ID: c973eafb-27c4-4bab-96ef-52e18acfe182
*** Element info: {Using=xpath, value=//XCUIElementTypeTabBar/XCUIElementTypeButton}
	at org.openqa.selenium.remote.ErrorHandler.createThrowable(ErrorHandler.java:216)
	at org.openqa.selenium.remote.ErrorHandler.throwIfResponseFailed(ErrorHandler.java:168)
	at org.openqa.selenium.remote.RemoteWebDriver.execute(RemoteWebDriver.java:638)
	at io.appium.java_client.DefaultGenericMobileDriver.execute(DefaultGenericMobileDriver.java:42)
	at io.appium.java_client.AppiumDriver.execute(AppiumDriver.java:1)
	at io.appium.java_client.ios.IOSDriver.execute(IOSDriver.java:1)
	at org.openqa.selenium.remote.RemoteWebDriver.findElements(RemoteWebDriver.java:396)
	at io.appium.java_client.DefaultGenericMobileDriver.findElements(DefaultGenericMobileDriver.java:54)
	at io.appium.java_client.AppiumDriver.findElements(AppiumDriver.java:168)
	at org.openqa.selenium.remote.RemoteWebDriver.findElementsByXPath(RemoteWebDriver.java:480)
	at io.appium.java_client.DefaultGenericMobileDriver.findElementsByXPath(DefaultGenericMobileDriver.java:144)
	at io.appium.java_client.AppiumDriver.findElementsByXPath(AppiumDriver.java:200)
	at org.openqa.selenium.By$ByXPath.findElements(By.java:356)
	at org.openqa.selenium.remote.RemoteWebDriver.findElements(RemoteWebDriver.java:359)
	at io.appium.java_client.DefaultGenericMobileDriver.findElements(DefaultGenericMobileDriver.java:50)
	at io.appium.java_client.AppiumDriver.findElements(AppiumDriver.java:164)
	at pageobjects.composescreen.IsselectContactsDisplayed(composescreen.java:80)
	at TestSc.composePage.composeWeblinkasGift(composePage.java:66)
... Removed 29 stack frames
</div> <!-- stack-trace -->
                </div> <!-- method-content -->
              </div> <!-- method -->
              <div class="method">
                <div class="method-content">
                  <a name="composetextasGift(7845640866, India, Bob, Builder, BobBuilder@cn.com, Hello Dear , https://www.google.co.in/, Kiran Gm...)">
                  </a> <!-- composetextasGift(7845640866, India, Bob, Builder, BobBuilder@cn.com, Hello Dear , https://www.google.co.in/, Kiran Gm...) -->
                  <span class="method-name">composetextasGift</span>
                  <span class="parameters">(7845640866, India, Bob, Builder, BobBuilder@cn.com, Hello Dear , https://www.google.co.in/, Kiran Gmx, Testing)</span>
                  <div class="stack-trace">org.openqa.selenium.NoSuchSessionException: A session is either terminated or not started (WARNING: The server did not provide any stacktrace information)
Command duration or timeout: 6 milliseconds
Build info: version: &apos;3.3.1&apos;, revision: &apos;5234b325d5&apos;, time: &apos;2017-03-10 09:10:29 +0000&apos;
System info: host: &apos;kirans-MacBook-Pro.local&apos;, ip: &apos;fe80:0:0:0:467:c7b7:5159:ffe3%en0&apos;, os.name: &apos;Mac OS X&apos;, os.arch: &apos;x86_64&apos;, os.version: &apos;10.12.6&apos;, java.version: &apos;1.8.0_101&apos;
Driver info: io.appium.java_client.ios.IOSDriver
Capabilities [{app=/Users/gmx/Desktop/soYou_66/SoYou.app, networkConnectionEnabled=false, noReset=true, xcodeOrgId=V862VGVUC2, bundleId=com.joyn.soyou, databaseEnabled=false, deviceName=so&apos;s iPhone, xcodeSigningId=Default, platform=MAC, agentPath=/Users/gmx/node_modules/appium-xcuitest-driver/WebDriverAgent/WebDriverAgent.xcodeproj, bootstrapPath=/Users/gmx/node_modules/appium-xcuitest-driver/WebDriverAgent, platformVersion=10.2.1, webStorageEnabled=false, locationContextEnabled=false, automationName=XCUITest, useNewWDA=true, browserName=, takesScreenshot=true, javascriptEnabled=true, platformName=iOS, udid=e03daa8b2365bf156e6b0a31977add1b013b3a8a, autoAcceptAlerts=true}]
Session ID: c973eafb-27c4-4bab-96ef-52e18acfe182
*** Element info: {Using=xpath, value=//XCUIElementTypeTabBar/XCUIElementTypeButton}
	at org.openqa.selenium.remote.ErrorHandler.createThrowable(ErrorHandler.java:216)
	at org.openqa.selenium.remote.ErrorHandler.throwIfResponseFailed(ErrorHandler.java:168)
	at org.openqa.selenium.remote.RemoteWebDriver.execute(RemoteWebDriver.java:638)
	at io.appium.java_client.DefaultGenericMobileDriver.execute(DefaultGenericMobileDriver.java:42)
	at io.appium.java_client.AppiumDriver.execute(AppiumDriver.java:1)
	at io.appium.java_client.ios.IOSDriver.execute(IOSDriver.java:1)
	at org.openqa.selenium.remote.RemoteWebDriver.findElements(RemoteWebDriver.java:396)
	at io.appium.java_client.DefaultGenericMobileDriver.findElements(DefaultGenericMobileDriver.java:54)
	at io.appium.java_client.AppiumDriver.findElements(AppiumDriver.java:168)
	at org.openqa.selenium.remote.RemoteWebDriver.findElementsByXPath(RemoteWebDriver.java:480)
	at io.appium.java_client.DefaultGenericMobileDriver.findElementsByXPath(DefaultGenericMobileDriver.java:144)
	at io.appium.java_client.AppiumDriver.findElementsByXPath(AppiumDriver.java:200)
	at org.openqa.selenium.By$ByXPath.findElements(By.java:356)
	at org.openqa.selenium.remote.RemoteWebDriver.findElements(RemoteWebDriver.java:359)
	at io.appium.java_client.DefaultGenericMobileDriver.findElements(DefaultGenericMobileDriver.java:50)
	at io.appium.java_client.AppiumDriver.findElements(AppiumDriver.java:164)
	at pageobjects.composescreen.IsselectContactsDisplayed(composescreen.java:80)
	at TestSc.composePage.composetextasGift(composePage.java:56)
... Removed 29 stack frames
</div> <!-- stack-trace -->
                </div> <!-- method-content -->
              </div> <!-- method -->
            </div> <!-- main-panel-content rounded-window-bottom -->
          </div> <!-- suite-Regression_Test-class-failed -->
        </div> <!-- panel Regression_Test -->
        <div panel-name="test-xml-Regression_Test" class="panel">
          <div class="main-panel-header rounded-window-top">
            <span class="header-content">/Users/gmx/Desktop/soYou-mobile-automation/Automationframework/testng_iOS.xml</span>
          </div> <!-- main-panel-header rounded-window-top -->
          <div class="main-panel-content rounded-window-bottom">
            <pre>
&lt;?xml version=&quot;1.0&quot; encoding=&quot;UTF-8&quot;?&gt;
&lt;!DOCTYPE suite SYSTEM &quot;http://testng.org/testng-1.0.dtd&quot;&gt;
&lt;suite name=&quot;Regression Test&quot;&gt;
  &lt;test name=&quot;soYou&quot;&gt;
    &lt;parameter name=&quot;app&quot; value=&quot;/Users/gmx/Desktop/soYou_66/SoYou.app&quot;/&gt;
    &lt;parameter name=&quot;noReset&quot; value=&quot;true&quot;/&gt;
    &lt;parameter name=&quot;MobileOS&quot; value=&quot;ios&quot;/&gt;
    &lt;parameter name=&quot;xcodeOrgId&quot; value=&quot;V862VGVUC2&quot;/&gt;
    &lt;parameter name=&quot;bundleId&quot; value=&quot;com.joyn.soyou&quot;/&gt;
    &lt;parameter name=&quot;deviceName&quot; value=&quot;so&amp;#039;s iPhone&quot;/&gt;
    &lt;parameter name=&quot;xcodeSigningId&quot; value=&quot;iPhone Developer&quot;/&gt;
    &lt;parameter name=&quot;agentPath&quot; value=&quot;/Users/gmx/node_modules/appium-xcuitest-driver/WebDriverAgent/WebDriverAgent.xcodeproj&quot;/&gt;
    &lt;parameter name=&quot;bootstrapPath&quot; value=&quot;/Users/gmx/node_modules/appium-xcuitest-driver/WebDriverAgent&quot;/&gt;
    &lt;parameter name=&quot;userNewWDA&quot; value=&quot;true&quot;/&gt;
    &lt;parameter name=&quot;platformVersion&quot; value=&quot;10.2.1&quot;/&gt;
    &lt;parameter name=&quot;device-type&quot; value=&quot;iOS&quot;/&gt;
    &lt;parameter name=&quot;testing_platform&quot; value=&quot;default&quot;/&gt;
    &lt;parameter name=&quot;automationName&quot; value=&quot;XCUITest&quot;/&gt;
    &lt;parameter name=&quot;platformName&quot; value=&quot;iOS&quot;/&gt;
    &lt;parameter name=&quot;udid&quot; value=&quot;e03daa8b2365bf156e6b0a31977add1b013b3a8a&quot;/&gt;
    &lt;classes&gt;
      &lt;class name=&quot;TestSc.composePage&quot;/&gt;
    &lt;/classes&gt;
  &lt;/test&gt; &lt;!-- soYou --&gt;
&lt;/suite&gt; &lt;!-- Regression Test --&gt;
            </pre>
          </div> <!-- main-panel-content rounded-window-bottom -->
        </div> <!-- panel -->
        <div panel-name="testlist-Regression_Test" class="panel">
          <div class="main-panel-header rounded-window-top">
            <span class="header-content">Tests for Regression Test</span>
          </div> <!-- main-panel-header rounded-window-top -->
          <div class="main-panel-content rounded-window-bottom">
            <ul>
              <li>
                <span class="test-name">soYou (1 class)</span>
              </li>
            </ul>
          </div> <!-- main-panel-content rounded-window-bottom -->
        </div> <!-- panel -->
        <div panel-name="group-Regression_Test" class="panel">
          <div class="main-panel-header rounded-window-top">
            <span class="header-content">Groups for Regression Test</span>
          </div> <!-- main-panel-header rounded-window-top -->
          <div class="main-panel-content rounded-window-bottom">
          </div> <!-- main-panel-content rounded-window-bottom -->
        </div> <!-- panel -->
        <div panel-name="times-Regression_Test" class="panel">
          <div class="main-panel-header rounded-window-top">
            <span class="header-content">Times for Regression Test</span>
          </div> <!-- main-panel-header rounded-window-top -->
          <div class="main-panel-content rounded-window-bottom">
            <div class="times-div">
              <script type="text/javascript">
suiteTableInitFunctions.push('tableData_Regression_Test');
function tableData_Regression_Test() {
var data = new google.visualization.DataTable();
data.addColumn('number', 'Number');
data.addColumn('string', 'Method');
data.addColumn('string', 'Class');
data.addColumn('number', 'Time (ms)');
data.addRows(5);
data.setCell(0, 0, 0)
data.setCell(0, 1, 'composeGiftFromCamera')
data.setCell(0, 2, 'TestSc.composePage')
data.setCell(0, 3, 145231);
data.setCell(1, 0, 1)
data.setCell(1, 1, 'composeImageGiftFromGallery')
data.setCell(1, 2, 'TestSc.composePage')
data.setCell(1, 3, 515);
data.setCell(2, 0, 2)
data.setCell(2, 1, 'composeVideoGiftFromGallery')
data.setCell(2, 2, 'TestSc.composePage')
data.setCell(2, 3, 513);
data.setCell(3, 0, 3)
data.setCell(3, 1, 'composeWeblinkasGift')
data.setCell(3, 2, 'TestSc.composePage')
data.setCell(3, 3, 513);
data.setCell(4, 0, 4)
data.setCell(4, 1, 'composetextasGift')
data.setCell(4, 2, 'TestSc.composePage')
data.setCell(4, 3, 509);
window.suiteTableData['Regression_Test']= { tableData: data, tableDiv: 'times-div-Regression_Test'}
return data;
}
              </script>
              <span class="suite-total-time">Total running time: 2 minutes</span>
              <div id="times-div-Regression_Test">
              </div> <!-- times-div-Regression_Test -->
            </div> <!-- times-div -->
          </div> <!-- main-panel-content rounded-window-bottom -->
        </div> <!-- panel -->
        <div panel-name="reporter-Regression_Test" class="panel">
          <div class="main-panel-header rounded-window-top">
            <span class="header-content">Reporter output for Regression Test</span>
          </div> <!-- main-panel-header rounded-window-top -->
          <div class="main-panel-content rounded-window-bottom">
          </div> <!-- main-panel-content rounded-window-bottom -->
        </div> <!-- panel -->
        <div panel-name="ignored-methods-Regression_Test" class="panel">
          <div class="main-panel-header rounded-window-top">
            <span class="header-content">0 ignored methods</span>
          </div> <!-- main-panel-header rounded-window-top -->
          <div class="main-panel-content rounded-window-bottom">
          </div> <!-- main-panel-content rounded-window-bottom -->
        </div> <!-- panel -->
        <div panel-name="chronological-Regression_Test" class="panel">
          <div class="main-panel-header rounded-window-top">
            <span class="header-content">Methods in chronological order</span>
          </div> <!-- main-panel-header rounded-window-top -->
          <div class="main-panel-content rounded-window-bottom">
            <div class="chronological-class">
              <div class="chronological-class-name">TestSc.composePage</div> <!-- chronological-class-name -->
              <div class="configuration-suite before">
                <span class="method-name">beforeSuite(soYou)</span>
                <span class="method-start">0 ms</span>
              </div> <!-- configuration-suite before -->
              <div class="configuration-class before">
                <span class="method-name">beforeClass(iOS, default, default, default, default, default, true, default, testserver, Default, iOS, 10.2.1, s...)</span>
                <span class="method-start">368 ms</span>
              </div> <!-- configuration-class before -->
              <div class="configuration-method before">
                <span class="method-name">beforeMethod(public void TestSc.composePage.composeGiftFromCamera() throws java.io.IOException,java.lang.Interrup...)</span>
                <span class="method-start">25013 ms</span>
              </div> <!-- configuration-method before -->
              <div class="test-method">
                <img src="failed.png">
                </img>
                <span class="method-name">composeGiftFromCamera</span>
                <span class="method-start">25019 ms</span>
              </div> <!-- test-method -->
              <div class="configuration-method after">
                <span class="method-name">afterMethod([TestResult name=composeGiftFromCamera status=FAILURE method=composePage.composeGiftFromCamera()[pri...)</span>
                <span class="method-start">171787 ms</span>
              </div> <!-- configuration-method after -->
              <div class="configuration-method before">
                <span class="method-name">beforeMethod(public void TestSc.composePage.composeImageGiftFromGallery() throws java.io.IOException,java.lang.In...)</span>
                <span class="method-start">172194 ms</span>
              </div> <!-- configuration-method before -->
              <div class="test-method">
                <img src="failed.png">
                </img>
                <span class="method-name">composeImageGiftFromGallery</span>
                <span class="method-start">172194 ms</span>
              </div> <!-- test-method -->
              <div class="configuration-method after">
                <span class="method-name">afterMethod([TestResult name=composeImageGiftFromGallery status=FAILURE method=composePage.composeImageGiftFromG...)</span>
                <span class="method-start">172712 ms</span>
              </div> <!-- configuration-method after -->
              <div class="configuration-method before">
                <span class="method-name">beforeMethod(public void TestSc.composePage.composeVideoGiftFromGallery() throws java.io.IOException,java.lang.In...)</span>
                <span class="method-start">172772 ms</span>
              </div> <!-- configuration-method before -->
              <div class="test-method">
                <img src="failed.png">
                </img>
                <span class="method-name">composeVideoGiftFromGallery</span>
                <span class="method-start">172773 ms</span>
              </div> <!-- test-method -->
              <div class="configuration-method after">
                <span class="method-name">afterMethod([TestResult name=composeVideoGiftFromGallery status=FAILURE method=composePage.composeVideoGiftFromG...)</span>
                <span class="method-start">173289 ms</span>
              </div> <!-- configuration-method after -->
              <div class="configuration-method before">
                <span class="method-name">beforeMethod(public void TestSc.composePage.composetextasGift(java.lang.String,java.lang.String,java.lang.String,...)</span>
                <span class="method-start">174149 ms</span>
              </div> <!-- configuration-method before -->
              <div class="test-method">
                <img src="failed.png">
                </img>
                <span class="method-name">composetextasGift(7845640866, India, Bob, Builder, BobBuilder@cn.com, Hello Dear , https://www.google.co.in/, Kiran Gm...)</span>
                <span class="method-start">174149 ms</span>
              </div> <!-- test-method -->
              <div class="configuration-method after">
                <span class="method-name">afterMethod([TestResult name=composetextasGift status=FAILURE method=composePage.composetextasGift(java.lang.Str...)</span>
                <span class="method-start">174661 ms</span>
              </div> <!-- configuration-method after -->
              <div class="configuration-method before">
                <span class="method-name">beforeMethod(public void TestSc.composePage.composeWeblinkasGift(java.lang.String,java.lang.String,java.lang.Stri...)</span>
                <span class="method-start">174791 ms</span>
              </div> <!-- configuration-method before -->
              <div class="test-method">
                <img src="failed.png">
                </img>
                <span class="method-name">composeWeblinkasGift(7845640866, India, Bob, Builder, BobBuilder@cn.com, Hello Dear , https://www.google.co.in/, Kiran Gm...)</span>
                <span class="method-start">174792 ms</span>
              </div> <!-- test-method -->
              <div class="configuration-method after">
                <span class="method-name">afterMethod([TestResult name=composeWeblinkasGift status=FAILURE method=composePage.composeWeblinkasGift(java.la...)</span>
                <span class="method-start">175307 ms</span>
              </div> <!-- configuration-method after -->
              <div class="configuration-class after">
                <span class="method-name">afterClass</span>
                <span class="method-start">175351 ms</span>
              </div> <!-- configuration-class after -->
              <div class="configuration-suite after">
                <span class="method-name">afterSuite</span>
                <span class="method-start">175541 ms</span>
              </div> <!-- configuration-suite after -->
          </div> <!-- main-panel-content rounded-window-bottom -->
        </div> <!-- panel -->
      </div> <!-- main-panel-root -->
    </div> <!-- wrapper -->
  </body>
</html>
