<?xml version="1.0" encoding="UTF-8"?>
<testng-results skipped="0" failed="5" total="5" passed="0">
  <reporter-output>
  </reporter-output>
  <suite name="Regression Test" duration-ms="174990" started-at="2017-10-04T04:33:40Z" finished-at="2017-10-04T04:36:35Z">
    <groups>
    </groups>
    <test name="soYou" duration-ms="174990" started-at="2017-10-04T04:33:40Z" finished-at="2017-10-04T04:36:35Z">
      <class name="TestSc.composePage">
        <test-method status="PASS" signature="beforeSuite(java.lang.String)[pri:0, instance:TestSc.composePage@51dcb805]" name="beforeSuite" is-config="true" duration-ms="361" started-at="2017-10-04T10:03:40Z" finished-at="2017-10-04T10:03:40Z">
          <params>
            <param index="0">
              <value>
                <![CDATA[soYou]]>
              </value>
            </param>
          </params>
          <reporter-output>
          </reporter-output>
        </test-method> <!-- beforeSuite -->
        <test-method status="PASS" signature="beforeClass(java.lang.String, java.lang.String, java.lang.String, java.lang.String, java.lang.String, java.lang.String, java.lang.String, java.lang.String, java.lang.String, java.lang.String, java.lang.String, java.lang.String, java.lang.String, java.lang.String, java.lang.String, java.lang.String, java.lang.String, java.lang.String, java.lang.String, java.lang.String, java.lang.String, java.lang.String, java.lang.String, java.lang.String, java.lang.String, java.lang.String, java.lang.String, java.lang.String)[pri:0, instance:TestSc.composePage@51dcb805]" name="beforeClass" is-config="true" duration-ms="24632" started-at="2017-10-04T10:03:40Z" finished-at="2017-10-04T10:04:05Z">
          <params>
            <param index="0">
              <value>
                <![CDATA[iOS]]>
              </value>
            </param>
            <param index="1">
              <value>
                <![CDATA[default]]>
              </value>
            </param>
            <param index="2">
              <value>
                <![CDATA[default]]>
              </value>
            </param>
            <param index="3">
              <value>
                <![CDATA[default]]>
              </value>
            </param>
            <param index="4">
              <value>
                <![CDATA[default]]>
              </value>
            </param>
            <param index="5">
              <value>
                <![CDATA[default]]>
              </value>
            </param>
            <param index="6">
              <value>
                <![CDATA[true]]>
              </value>
            </param>
            <param index="7">
              <value>
                <![CDATA[default]]>
              </value>
            </param>
            <param index="8">
              <value>
                <![CDATA[testserver]]>
              </value>
            </param>
            <param index="9">
              <value>
                <![CDATA[Default]]>
              </value>
            </param>
            <param index="10">
              <value>
                <![CDATA[iOS]]>
              </value>
            </param>
            <param index="11">
              <value>
                <![CDATA[10.2.1]]>
              </value>
            </param>
            <param index="12">
              <value>
                <![CDATA[so's iPhone]]>
              </value>
            </param>
            <param index="13">
              <value>
                <![CDATA[/Users/gmx/Desktop/soYou_66/SoYou.app]]>
              </value>
            </param>
            <param index="14">
              <value>
                <![CDATA[true]]>
              </value>
            </param>
            <param index="15">
              <value>
                <![CDATA[e03daa8b2365bf156e6b0a31977add1b013b3a8a]]>
              </value>
            </param>
            <param index="16">
              <value>
                <![CDATA[XCUITest]]>
              </value>
            </param>
            <param index="17">
              <value>
                <![CDATA[com.joyn.soyou]]>
              </value>
            </param>
            <param index="18">
              <value>
                <![CDATA[testserver]]>
              </value>
            </param>
            <param index="19">
              <value>
                <![CDATA[/Users/gmx/node_modules/appium-xcuitest-driver/WebDriverAgent/WebDriverAgent.xcodeproj]]>
              </value>
            </param>
            <param index="20">
              <value>
                <![CDATA[/Users/gmx/node_modules/appium-xcuitest-driver/WebDriverAgent]]>
              </value>
            </param>
            <param index="21">
              <value>
                <![CDATA[Default]]>
              </value>
            </param>
            <param index="22">
              <value>
                <![CDATA[Default]]>
              </value>
            </param>
            <param index="23">
              <value>
                <![CDATA[true]]>
              </value>
            </param>
            <param index="24">
              <value>
                <![CDATA[V862VGVUC2]]>
              </value>
            </param>
            <param index="25">
              <value>
                <![CDATA[/Users/gmx/Desktop/soYou_66/SoYou.app]]>
              </value>
            </param>
            <param index="26">
              <value>
                <![CDATA[Default]]>
              </value>
            </param>
            <param index="27">
              <value>
                <![CDATA[Default]]>
              </value>
            </param>
          </params>
          <reporter-output>
          </reporter-output>
        </test-method> <!-- beforeClass -->
        <test-method status="PASS" signature="beforeMethod(java.lang.reflect.Method, java.lang.String)[pri:0, instance:TestSc.composePage@51dcb805]" name="beforeMethod" is-config="true" duration-ms="6" started-at="2017-10-04T10:04:05Z" finished-at="2017-10-04T10:04:05Z">
          <params>
            <param index="0">
              <value>
                <![CDATA[public void TestSc.composePage.composeGiftFromCamera() throws java.io.IOException,java.lang.InterruptedException]]>
              </value>
            </param>
            <param index="1">
              <value>
                <![CDATA[default]]>
              </value>
            </param>
          </params>
          <reporter-output>
          </reporter-output>
        </test-method> <!-- beforeMethod -->
        <test-method status="FAIL" signature="composeGiftFromCamera()[pri:26, instance:TestSc.composePage@51dcb805]" name="composeGiftFromCamera" duration-ms="145231" started-at="2017-10-04T10:04:05Z" finished-at="2017-10-04T10:06:30Z">
          <exception class="org.openqa.selenium.NoSuchSessionException">
            <message>
              <![CDATA[A session is either terminated or not started (WARNING: The server did not provide any stacktrace information)
Command duration or timeout: 148 milliseconds
Build info: version: '3.3.1', revision: '5234b325d5', time: '2017-03-10 09:10:29 +0000'
System info: host: 'kirans-MacBook-Pro.local', ip: 'fe80:0:0:0:467:c7b7:5159:ffe3%en0', os.name: 'Mac OS X', os.arch: 'x86_64', os.version: '10.12.6', java.version: '1.8.0_101'
Driver info: io.appium.java_client.ios.IOSDriver
Capabilities [{app=/Users/gmx/Desktop/soYou_66/SoYou.app, networkConnectionEnabled=false, noReset=true, xcodeOrgId=V862VGVUC2, bundleId=com.joyn.soyou, databaseEnabled=false, deviceName=so's iPhone, xcodeSigningId=Default, platform=MAC, agentPath=/Users/gmx/node_modules/appium-xcuitest-driver/WebDriverAgent/WebDriverAgent.xcodeproj, bootstrapPath=/Users/gmx/node_modules/appium-xcuitest-driver/WebDriverAgent, platformVersion=10.2.1, webStorageEnabled=false, locationContextEnabled=false, automationName=XCUITest, useNewWDA=true, browserName=, takesScreenshot=true, javascriptEnabled=true, platformName=iOS, udid=e03daa8b2365bf156e6b0a31977add1b013b3a8a, autoAcceptAlerts=true}]
Session ID: c973eafb-27c4-4bab-96ef-52e18acfe182
*** Element info: {Using=accessibility id, value=Gift Camera}]]>
            </message>
            <full-stacktrace>
              <![CDATA[org.openqa.selenium.NoSuchSessionException: A session is either terminated or not started (WARNING: The server did not provide any stacktrace information)
Command duration or timeout: 148 milliseconds
Build info: version: '3.3.1', revision: '5234b325d5', time: '2017-03-10 09:10:29 +0000'
System info: host: 'kirans-MacBook-Pro.local', ip: 'fe80:0:0:0:467:c7b7:5159:ffe3%en0', os.name: 'Mac OS X', os.arch: 'x86_64', os.version: '10.12.6', java.version: '1.8.0_101'
Driver info: io.appium.java_client.ios.IOSDriver
Capabilities [{app=/Users/gmx/Desktop/soYou_66/SoYou.app, networkConnectionEnabled=false, noReset=true, xcodeOrgId=V862VGVUC2, bundleId=com.joyn.soyou, databaseEnabled=false, deviceName=so's iPhone, xcodeSigningId=Default, platform=MAC, agentPath=/Users/gmx/node_modules/appium-xcuitest-driver/WebDriverAgent/WebDriverAgent.xcodeproj, bootstrapPath=/Users/gmx/node_modules/appium-xcuitest-driver/WebDriverAgent, platformVersion=10.2.1, webStorageEnabled=false, locationContextEnabled=false, automationName=XCUITest, useNewWDA=true, browserName=, takesScreenshot=true, javascriptEnabled=true, platformName=iOS, udid=e03daa8b2365bf156e6b0a31977add1b013b3a8a, autoAcceptAlerts=true}]
Session ID: c973eafb-27c4-4bab-96ef-52e18acfe182
*** Element info: {Using=accessibility id, value=Gift Camera}
	at sun.reflect.NativeConstructorAccessorImpl.newInstance0(Native Method)
	at sun.reflect.NativeConstructorAccessorImpl.newInstance(NativeConstructorAccessorImpl.java:62)
	at sun.reflect.DelegatingConstructorAccessorImpl.newInstance(DelegatingConstructorAccessorImpl.java:45)
	at java.lang.reflect.Constructor.newInstance(Constructor.java:423)
	at org.openqa.selenium.remote.ErrorHandler.createThrowable(ErrorHandler.java:216)
	at org.openqa.selenium.remote.ErrorHandler.throwIfResponseFailed(ErrorHandler.java:168)
	at org.openqa.selenium.remote.RemoteWebDriver.execute(RemoteWebDriver.java:638)
	at io.appium.java_client.DefaultGenericMobileDriver.execute(DefaultGenericMobileDriver.java:42)
	at io.appium.java_client.AppiumDriver.execute(AppiumDriver.java:1)
	at io.appium.java_client.ios.IOSDriver.execute(IOSDriver.java:1)
	at org.openqa.selenium.remote.RemoteWebDriver.findElement(RemoteWebDriver.java:371)
	at io.appium.java_client.DefaultGenericMobileDriver.findElement(DefaultGenericMobileDriver.java:62)
	at io.appium.java_client.AppiumDriver.findElement(AppiumDriver.java:1)
	at io.appium.java_client.ios.IOSDriver.findElement(IOSDriver.java:1)
	at io.appium.java_client.FindsByAccessibilityId.findElementByAccessibilityId(FindsByAccessibilityId.java:31)
	at io.appium.java_client.MobileBy$ByAccessibilityId.findElement(MobileBy.java:288)
	at org.openqa.selenium.remote.RemoteWebDriver.findElement(RemoteWebDriver.java:363)
	at io.appium.java_client.DefaultGenericMobileDriver.findElement(DefaultGenericMobileDriver.java:58)
	at io.appium.java_client.AppiumDriver.findElement(AppiumDriver.java:1)
	at io.appium.java_client.ios.IOSDriver.findElement(IOSDriver.java:1)
	at pageobjects.composescreen.ComposeImageFromCamera(composescreen.java:214)
	at TestSc.composePage.composeGiftFromCamera(composePage.java:28)
	at sun.reflect.NativeMethodAccessorImpl.invoke0(Native Method)
	at sun.reflect.NativeMethodAccessorImpl.invoke(NativeMethodAccessorImpl.java:62)
	at sun.reflect.DelegatingMethodAccessorImpl.invoke(DelegatingMethodAccessorImpl.java:43)
	at java.lang.reflect.Method.invoke(Method.java:498)
	at org.testng.internal.MethodInvocationHelper.invokeMethod(MethodInvocationHelper.java:100)
	at org.testng.internal.Invoker.invokeMethod(Invoker.java:646)
	at org.testng.internal.Invoker.invokeTestMethod(Invoker.java:811)
	at org.testng.internal.Invoker.invokeTestMethods(Invoker.java:1137)
	at org.testng.internal.TestMethodWorker.invokeTestMethods(TestMethodWorker.java:129)
	at org.testng.internal.TestMethodWorker.run(TestMethodWorker.java:112)
	at org.testng.TestRunner.privateRun(TestRunner.java:753)
	at org.testng.TestRunner.run(TestRunner.java:607)
	at org.testng.SuiteRunner.runTest(SuiteRunner.java:368)
	at org.testng.SuiteRunner.runSequentially(SuiteRunner.java:363)
	at org.testng.SuiteRunner.privateRun(SuiteRunner.java:321)
	at org.testng.SuiteRunner.run(SuiteRunner.java:270)
	at org.testng.SuiteRunnerWorker.runSuite(SuiteRunnerWorker.java:52)
	at org.testng.SuiteRunnerWorker.run(SuiteRunnerWorker.java:86)
	at org.testng.TestNG.runSuitesSequentially(TestNG.java:1284)
	at org.testng.TestNG.runSuitesLocally(TestNG.java:1209)
	at org.testng.TestNG.runSuites(TestNG.java:1124)
	at org.testng.TestNG.run(TestNG.java:1096)
	at org.testng.remote.AbstractRemoteTestNG.run(AbstractRemoteTestNG.java:132)
	at org.testng.remote.RemoteTestNG.initAndRun(RemoteTestNG.java:236)
	at org.testng.remote.RemoteTestNG.main(RemoteTestNG.java:81)
]]>
            </full-stacktrace>
          </exception> <!-- org.openqa.selenium.NoSuchSessionException -->
          <reporter-output>
          </reporter-output>
        </test-method> <!-- composeGiftFromCamera -->
        <test-method status="PASS" signature="afterMethod(org.testng.ITestResult)[pri:0, instance:TestSc.composePage@51dcb805]" name="afterMethod" is-config="true" duration-ms="405" started-at="2017-10-04T10:06:32Z" finished-at="2017-10-04T10:06:32Z">
          <params>
            <param index="0">
              <value>
                <![CDATA[[TestResult name=composeGiftFromCamera status=FAILURE method=composePage.composeGiftFromCamera()[pri:26, instance:TestSc.composePage@51dcb805] output={null}]]]>
              </value>
            </param>
          </params>
          <reporter-output>
          </reporter-output>
        </test-method> <!-- afterMethod -->
        <test-method status="PASS" signature="beforeMethod(java.lang.reflect.Method, java.lang.String)[pri:0, instance:TestSc.composePage@51dcb805]" name="beforeMethod" is-config="true" duration-ms="0" started-at="2017-10-04T10:06:32Z" finished-at="2017-10-04T10:06:32Z">
          <params>
            <param index="0">
              <value>
                <![CDATA[public void TestSc.composePage.composeImageGiftFromGallery() throws java.io.IOException,java.lang.InterruptedException]]>
              </value>
            </param>
            <param index="1">
              <value>
                <![CDATA[default]]>
              </value>
            </param>
          </params>
          <reporter-output>
          </reporter-output>
        </test-method> <!-- beforeMethod -->
        <test-method status="FAIL" signature="composeImageGiftFromGallery()[pri:27, instance:TestSc.composePage@51dcb805]" name="composeImageGiftFromGallery" duration-ms="515" started-at="2017-10-04T10:06:32Z" finished-at="2017-10-04T10:06:33Z">
          <exception class="org.openqa.selenium.NoSuchSessionException">
            <message>
              <![CDATA[A session is either terminated or not started (WARNING: The server did not provide any stacktrace information)
Command duration or timeout: 9 milliseconds
Build info: version: '3.3.1', revision: '5234b325d5', time: '2017-03-10 09:10:29 +0000'
System info: host: 'kirans-MacBook-Pro.local', ip: 'fe80:0:0:0:467:c7b7:5159:ffe3%en0', os.name: 'Mac OS X', os.arch: 'x86_64', os.version: '10.12.6', java.version: '1.8.0_101'
Driver info: io.appium.java_client.ios.IOSDriver
Capabilities [{app=/Users/gmx/Desktop/soYou_66/SoYou.app, networkConnectionEnabled=false, noReset=true, xcodeOrgId=V862VGVUC2, bundleId=com.joyn.soyou, databaseEnabled=false, deviceName=so's iPhone, xcodeSigningId=Default, platform=MAC, agentPath=/Users/gmx/node_modules/appium-xcuitest-driver/WebDriverAgent/WebDriverAgent.xcodeproj, bootstrapPath=/Users/gmx/node_modules/appium-xcuitest-driver/WebDriverAgent, platformVersion=10.2.1, webStorageEnabled=false, locationContextEnabled=false, automationName=XCUITest, useNewWDA=true, browserName=, takesScreenshot=true, javascriptEnabled=true, platformName=iOS, udid=e03daa8b2365bf156e6b0a31977add1b013b3a8a, autoAcceptAlerts=true}]
Session ID: c973eafb-27c4-4bab-96ef-52e18acfe182
*** Element info: {Using=xpath, value=//XCUIElementTypeTabBar/XCUIElementTypeButton}]]>
            </message>
            <full-stacktrace>
              <![CDATA[org.openqa.selenium.NoSuchSessionException: A session is either terminated or not started (WARNING: The server did not provide any stacktrace information)
Command duration or timeout: 9 milliseconds
Build info: version: '3.3.1', revision: '5234b325d5', time: '2017-03-10 09:10:29 +0000'
System info: host: 'kirans-MacBook-Pro.local', ip: 'fe80:0:0:0:467:c7b7:5159:ffe3%en0', os.name: 'Mac OS X', os.arch: 'x86_64', os.version: '10.12.6', java.version: '1.8.0_101'
Driver info: io.appium.java_client.ios.IOSDriver
Capabilities [{app=/Users/gmx/Desktop/soYou_66/SoYou.app, networkConnectionEnabled=false, noReset=true, xcodeOrgId=V862VGVUC2, bundleId=com.joyn.soyou, databaseEnabled=false, deviceName=so's iPhone, xcodeSigningId=Default, platform=MAC, agentPath=/Users/gmx/node_modules/appium-xcuitest-driver/WebDriverAgent/WebDriverAgent.xcodeproj, bootstrapPath=/Users/gmx/node_modules/appium-xcuitest-driver/WebDriverAgent, platformVersion=10.2.1, webStorageEnabled=false, locationContextEnabled=false, automationName=XCUITest, useNewWDA=true, browserName=, takesScreenshot=true, javascriptEnabled=true, platformName=iOS, udid=e03daa8b2365bf156e6b0a31977add1b013b3a8a, autoAcceptAlerts=true}]
Session ID: c973eafb-27c4-4bab-96ef-52e18acfe182
*** Element info: {Using=xpath, value=//XCUIElementTypeTabBar/XCUIElementTypeButton}
	at sun.reflect.NativeConstructorAccessorImpl.newInstance0(Native Method)
	at sun.reflect.NativeConstructorAccessorImpl.newInstance(NativeConstructorAccessorImpl.java:62)
	at sun.reflect.DelegatingConstructorAccessorImpl.newInstance(DelegatingConstructorAccessorImpl.java:45)
	at java.lang.reflect.Constructor.newInstance(Constructor.java:423)
	at org.openqa.selenium.remote.ErrorHandler.createThrowable(ErrorHandler.java:216)
	at org.openqa.selenium.remote.ErrorHandler.throwIfResponseFailed(ErrorHandler.java:168)
	at org.openqa.selenium.remote.RemoteWebDriver.execute(RemoteWebDriver.java:638)
	at io.appium.java_client.DefaultGenericMobileDriver.execute(DefaultGenericMobileDriver.java:42)
	at io.appium.java_client.AppiumDriver.execute(AppiumDriver.java:1)
	at io.appium.java_client.ios.IOSDriver.execute(IOSDriver.java:1)
	at org.openqa.selenium.remote.RemoteWebDriver.findElements(RemoteWebDriver.java:396)
	at io.appium.java_client.DefaultGenericMobileDriver.findElements(DefaultGenericMobileDriver.java:54)
	at io.appium.java_client.AppiumDriver.findElements(AppiumDriver.java:168)
	at org.openqa.selenium.remote.RemoteWebDriver.findElementsByXPath(RemoteWebDriver.java:480)
	at io.appium.java_client.DefaultGenericMobileDriver.findElementsByXPath(DefaultGenericMobileDriver.java:144)
	at io.appium.java_client.AppiumDriver.findElementsByXPath(AppiumDriver.java:200)
	at org.openqa.selenium.By$ByXPath.findElements(By.java:356)
	at org.openqa.selenium.remote.RemoteWebDriver.findElements(RemoteWebDriver.java:359)
	at io.appium.java_client.DefaultGenericMobileDriver.findElements(DefaultGenericMobileDriver.java:50)
	at io.appium.java_client.AppiumDriver.findElements(AppiumDriver.java:164)
	at pageobjects.composescreen.IsselectContactsDisplayed(composescreen.java:80)
	at TestSc.composePage.composeImageGiftFromGallery(composePage.java:36)
	at sun.reflect.NativeMethodAccessorImpl.invoke0(Native Method)
	at sun.reflect.NativeMethodAccessorImpl.invoke(NativeMethodAccessorImpl.java:62)
	at sun.reflect.DelegatingMethodAccessorImpl.invoke(DelegatingMethodAccessorImpl.java:43)
	at java.lang.reflect.Method.invoke(Method.java:498)
	at org.testng.internal.MethodInvocationHelper.invokeMethod(MethodInvocationHelper.java:100)
	at org.testng.internal.Invoker.invokeMethod(Invoker.java:646)
	at org.testng.internal.Invoker.invokeTestMethod(Invoker.java:811)
	at org.testng.internal.Invoker.invokeTestMethods(Invoker.java:1137)
	at org.testng.internal.TestMethodWorker.invokeTestMethods(TestMethodWorker.java:129)
	at org.testng.internal.TestMethodWorker.run(TestMethodWorker.java:112)
	at org.testng.TestRunner.privateRun(TestRunner.java:753)
	at org.testng.TestRunner.run(TestRunner.java:607)
	at org.testng.SuiteRunner.runTest(SuiteRunner.java:368)
	at org.testng.SuiteRunner.runSequentially(SuiteRunner.java:363)
	at org.testng.SuiteRunner.privateRun(SuiteRunner.java:321)
	at org.testng.SuiteRunner.run(SuiteRunner.java:270)
	at org.testng.SuiteRunnerWorker.runSuite(SuiteRunnerWorker.java:52)
	at org.testng.SuiteRunnerWorker.run(SuiteRunnerWorker.java:86)
	at org.testng.TestNG.runSuitesSequentially(TestNG.java:1284)
	at org.testng.TestNG.runSuitesLocally(TestNG.java:1209)
	at org.testng.TestNG.runSuites(TestNG.java:1124)
	at org.testng.TestNG.run(TestNG.java:1096)
	at org.testng.remote.AbstractRemoteTestNG.run(AbstractRemoteTestNG.java:132)
	at org.testng.remote.RemoteTestNG.initAndRun(RemoteTestNG.java:236)
	at org.testng.remote.RemoteTestNG.main(RemoteTestNG.java:81)
]]>
            </full-stacktrace>
          </exception> <!-- org.openqa.selenium.NoSuchSessionException -->
          <reporter-output>
          </reporter-output>
        </test-method> <!-- composeImageGiftFromGallery -->
        <test-method status="PASS" signature="afterMethod(org.testng.ITestResult)[pri:0, instance:TestSc.composePage@51dcb805]" name="afterMethod" is-config="true" duration-ms="60" started-at="2017-10-04T10:06:33Z" finished-at="2017-10-04T10:06:33Z">
          <params>
            <param index="0">
              <value>
                <![CDATA[[TestResult name=composeImageGiftFromGallery status=FAILURE method=composePage.composeImageGiftFromGallery()[pri:27, instance:TestSc.composePage@51dcb805] output={null}]]]>
              </value>
            </param>
          </params>
          <reporter-output>
          </reporter-output>
        </test-method> <!-- afterMethod -->
        <test-method status="PASS" signature="beforeMethod(java.lang.reflect.Method, java.lang.String)[pri:0, instance:TestSc.composePage@51dcb805]" name="beforeMethod" is-config="true" duration-ms="1" started-at="2017-10-04T10:06:33Z" finished-at="2017-10-04T10:06:33Z">
          <params>
            <param index="0">
              <value>
                <![CDATA[public void TestSc.composePage.composeVideoGiftFromGallery() throws java.io.IOException,java.lang.InterruptedException]]>
              </value>
            </param>
            <param index="1">
              <value>
                <![CDATA[default]]>
              </value>
            </param>
          </params>
          <reporter-output>
          </reporter-output>
        </test-method> <!-- beforeMethod -->
        <test-method status="FAIL" signature="composeVideoGiftFromGallery()[pri:28, instance:TestSc.composePage@51dcb805]" name="composeVideoGiftFromGallery" duration-ms="513" started-at="2017-10-04T10:06:33Z" finished-at="2017-10-04T10:06:33Z">
          <exception class="org.openqa.selenium.NoSuchSessionException">
            <message>
              <![CDATA[A session is either terminated or not started (WARNING: The server did not provide any stacktrace information)
Command duration or timeout: 7 milliseconds
Build info: version: '3.3.1', revision: '5234b325d5', time: '2017-03-10 09:10:29 +0000'
System info: host: 'kirans-MacBook-Pro.local', ip: 'fe80:0:0:0:467:c7b7:5159:ffe3%en0', os.name: 'Mac OS X', os.arch: 'x86_64', os.version: '10.12.6', java.version: '1.8.0_101'
Driver info: io.appium.java_client.ios.IOSDriver
Capabilities [{app=/Users/gmx/Desktop/soYou_66/SoYou.app, networkConnectionEnabled=false, noReset=true, xcodeOrgId=V862VGVUC2, bundleId=com.joyn.soyou, databaseEnabled=false, deviceName=so's iPhone, xcodeSigningId=Default, platform=MAC, agentPath=/Users/gmx/node_modules/appium-xcuitest-driver/WebDriverAgent/WebDriverAgent.xcodeproj, bootstrapPath=/Users/gmx/node_modules/appium-xcuitest-driver/WebDriverAgent, platformVersion=10.2.1, webStorageEnabled=false, locationContextEnabled=false, automationName=XCUITest, useNewWDA=true, browserName=, takesScreenshot=true, javascriptEnabled=true, platformName=iOS, udid=e03daa8b2365bf156e6b0a31977add1b013b3a8a, autoAcceptAlerts=true}]
Session ID: c973eafb-27c4-4bab-96ef-52e18acfe182
*** Element info: {Using=xpath, value=//XCUIElementTypeTabBar/XCUIElementTypeButton}]]>
            </message>
            <full-stacktrace>
              <![CDATA[org.openqa.selenium.NoSuchSessionException: A session is either terminated or not started (WARNING: The server did not provide any stacktrace information)
Command duration or timeout: 7 milliseconds
Build info: version: '3.3.1', revision: '5234b325d5', time: '2017-03-10 09:10:29 +0000'
System info: host: 'kirans-MacBook-Pro.local', ip: 'fe80:0:0:0:467:c7b7:5159:ffe3%en0', os.name: 'Mac OS X', os.arch: 'x86_64', os.version: '10.12.6', java.version: '1.8.0_101'
Driver info: io.appium.java_client.ios.IOSDriver
Capabilities [{app=/Users/gmx/Desktop/soYou_66/SoYou.app, networkConnectionEnabled=false, noReset=true, xcodeOrgId=V862VGVUC2, bundleId=com.joyn.soyou, databaseEnabled=false, deviceName=so's iPhone, xcodeSigningId=Default, platform=MAC, agentPath=/Users/gmx/node_modules/appium-xcuitest-driver/WebDriverAgent/WebDriverAgent.xcodeproj, bootstrapPath=/Users/gmx/node_modules/appium-xcuitest-driver/WebDriverAgent, platformVersion=10.2.1, webStorageEnabled=false, locationContextEnabled=false, automationName=XCUITest, useNewWDA=true, browserName=, takesScreenshot=true, javascriptEnabled=true, platformName=iOS, udid=e03daa8b2365bf156e6b0a31977add1b013b3a8a, autoAcceptAlerts=true}]
Session ID: c973eafb-27c4-4bab-96ef-52e18acfe182
*** Element info: {Using=xpath, value=//XCUIElementTypeTabBar/XCUIElementTypeButton}
	at sun.reflect.NativeConstructorAccessorImpl.newInstance0(Native Method)
	at sun.reflect.NativeConstructorAccessorImpl.newInstance(NativeConstructorAccessorImpl.java:62)
	at sun.reflect.DelegatingConstructorAccessorImpl.newInstance(DelegatingConstructorAccessorImpl.java:45)
	at java.lang.reflect.Constructor.newInstance(Constructor.java:423)
	at org.openqa.selenium.remote.ErrorHandler.createThrowable(ErrorHandler.java:216)
	at org.openqa.selenium.remote.ErrorHandler.throwIfResponseFailed(ErrorHandler.java:168)
	at org.openqa.selenium.remote.RemoteWebDriver.execute(RemoteWebDriver.java:638)
	at io.appium.java_client.DefaultGenericMobileDriver.execute(DefaultGenericMobileDriver.java:42)
	at io.appium.java_client.AppiumDriver.execute(AppiumDriver.java:1)
	at io.appium.java_client.ios.IOSDriver.execute(IOSDriver.java:1)
	at org.openqa.selenium.remote.RemoteWebDriver.findElements(RemoteWebDriver.java:396)
	at io.appium.java_client.DefaultGenericMobileDriver.findElements(DefaultGenericMobileDriver.java:54)
	at io.appium.java_client.AppiumDriver.findElements(AppiumDriver.java:168)
	at org.openqa.selenium.remote.RemoteWebDriver.findElementsByXPath(RemoteWebDriver.java:480)
	at io.appium.java_client.DefaultGenericMobileDriver.findElementsByXPath(DefaultGenericMobileDriver.java:144)
	at io.appium.java_client.AppiumDriver.findElementsByXPath(AppiumDriver.java:200)
	at org.openqa.selenium.By$ByXPath.findElements(By.java:356)
	at org.openqa.selenium.remote.RemoteWebDriver.findElements(RemoteWebDriver.java:359)
	at io.appium.java_client.DefaultGenericMobileDriver.findElements(DefaultGenericMobileDriver.java:50)
	at io.appium.java_client.AppiumDriver.findElements(AppiumDriver.java:164)
	at pageobjects.composescreen.IsselectContactsDisplayed(composescreen.java:80)
	at TestSc.composePage.composeVideoGiftFromGallery(composePage.java:46)
	at sun.reflect.NativeMethodAccessorImpl.invoke0(Native Method)
	at sun.reflect.NativeMethodAccessorImpl.invoke(NativeMethodAccessorImpl.java:62)
	at sun.reflect.DelegatingMethodAccessorImpl.invoke(DelegatingMethodAccessorImpl.java:43)
	at java.lang.reflect.Method.invoke(Method.java:498)
	at org.testng.internal.MethodInvocationHelper.invokeMethod(MethodInvocationHelper.java:100)
	at org.testng.internal.Invoker.invokeMethod(Invoker.java:646)
	at org.testng.internal.Invoker.invokeTestMethod(Invoker.java:811)
	at org.testng.internal.Invoker.invokeTestMethods(Invoker.java:1137)
	at org.testng.internal.TestMethodWorker.invokeTestMethods(TestMethodWorker.java:129)
	at org.testng.internal.TestMethodWorker.run(TestMethodWorker.java:112)
	at org.testng.TestRunner.privateRun(TestRunner.java:753)
	at org.testng.TestRunner.run(TestRunner.java:607)
	at org.testng.SuiteRunner.runTest(SuiteRunner.java:368)
	at org.testng.SuiteRunner.runSequentially(SuiteRunner.java:363)
	at org.testng.SuiteRunner.privateRun(SuiteRunner.java:321)
	at org.testng.SuiteRunner.run(SuiteRunner.java:270)
	at org.testng.SuiteRunnerWorker.runSuite(SuiteRunnerWorker.java:52)
	at org.testng.SuiteRunnerWorker.run(SuiteRunnerWorker.java:86)
	at org.testng.TestNG.runSuitesSequentially(TestNG.java:1284)
	at org.testng.TestNG.runSuitesLocally(TestNG.java:1209)
	at org.testng.TestNG.runSuites(TestNG.java:1124)
	at org.testng.TestNG.run(TestNG.java:1096)
	at org.testng.remote.AbstractRemoteTestNG.run(AbstractRemoteTestNG.java:132)
	at org.testng.remote.RemoteTestNG.initAndRun(RemoteTestNG.java:236)
	at org.testng.remote.RemoteTestNG.main(RemoteTestNG.java:81)
]]>
            </full-stacktrace>
          </exception> <!-- org.openqa.selenium.NoSuchSessionException -->
          <reporter-output>
          </reporter-output>
        </test-method> <!-- composeVideoGiftFromGallery -->
        <test-method status="PASS" signature="afterMethod(org.testng.ITestResult)[pri:0, instance:TestSc.composePage@51dcb805]" name="afterMethod" is-config="true" duration-ms="59" started-at="2017-10-04T10:06:33Z" finished-at="2017-10-04T10:06:33Z">
          <params>
            <param index="0">
              <value>
                <![CDATA[[TestResult name=composeVideoGiftFromGallery status=FAILURE method=composePage.composeVideoGiftFromGallery()[pri:28, instance:TestSc.composePage@51dcb805] output={null}]]]>
              </value>
            </param>
          </params>
          <reporter-output>
          </reporter-output>
        </test-method> <!-- afterMethod -->
        <test-method status="FAIL" signature="composetextasGift(java.lang.String, java.lang.String, java.lang.String, java.lang.String, java.lang.String, java.lang.String, java.lang.String, java.lang.String, java.lang.String)[pri:29, instance:TestSc.composePage@51dcb805]" name="composetextasGift" duration-ms="509" started-at="2017-10-04T10:06:34Z" data-provider="details" finished-at="2017-10-04T10:06:35Z">
          <params>
            <param index="0">
              <value>
                <![CDATA[7845640866]]>
              </value>
            </param>
            <param index="1">
              <value>
                <![CDATA[India]]>
              </value>
            </param>
            <param index="2">
              <value>
                <![CDATA[Bob]]>
              </value>
            </param>
            <param index="3">
              <value>
                <![CDATA[Builder]]>
              </value>
            </param>
            <param index="4">
              <value>
                <![CDATA[BobBuilder@cn.com]]>
              </value>
            </param>
            <param index="5">
              <value>
                <![CDATA[Hello Dear ]]>
              </value>
            </param>
            <param index="6">
              <value>
                <![CDATA[https://www.google.co.in/]]>
              </value>
            </param>
            <param index="7">
              <value>
                <![CDATA[Kiran Gmx]]>
              </value>
            </param>
            <param index="8">
              <value>
                <![CDATA[Testing]]>
              </value>
            </param>
          </params>
          <exception class="org.openqa.selenium.NoSuchSessionException">
            <message>
              <![CDATA[A session is either terminated or not started (WARNING: The server did not provide any stacktrace information)
Command duration or timeout: 6 milliseconds
Build info: version: '3.3.1', revision: '5234b325d5', time: '2017-03-10 09:10:29 +0000'
System info: host: 'kirans-MacBook-Pro.local', ip: 'fe80:0:0:0:467:c7b7:5159:ffe3%en0', os.name: 'Mac OS X', os.arch: 'x86_64', os.version: '10.12.6', java.version: '1.8.0_101'
Driver info: io.appium.java_client.ios.IOSDriver
Capabilities [{app=/Users/gmx/Desktop/soYou_66/SoYou.app, networkConnectionEnabled=false, noReset=true, xcodeOrgId=V862VGVUC2, bundleId=com.joyn.soyou, databaseEnabled=false, deviceName=so's iPhone, xcodeSigningId=Default, platform=MAC, agentPath=/Users/gmx/node_modules/appium-xcuitest-driver/WebDriverAgent/WebDriverAgent.xcodeproj, bootstrapPath=/Users/gmx/node_modules/appium-xcuitest-driver/WebDriverAgent, platformVersion=10.2.1, webStorageEnabled=false, locationContextEnabled=false, automationName=XCUITest, useNewWDA=true, browserName=, takesScreenshot=true, javascriptEnabled=true, platformName=iOS, udid=e03daa8b2365bf156e6b0a31977add1b013b3a8a, autoAcceptAlerts=true}]
Session ID: c973eafb-27c4-4bab-96ef-52e18acfe182
*** Element info: {Using=xpath, value=//XCUIElementTypeTabBar/XCUIElementTypeButton}]]>
            </message>
            <full-stacktrace>
              <![CDATA[org.openqa.selenium.NoSuchSessionException: A session is either terminated or not started (WARNING: The server did not provide any stacktrace information)
Command duration or timeout: 6 milliseconds
Build info: version: '3.3.1', revision: '5234b325d5', time: '2017-03-10 09:10:29 +0000'
System info: host: 'kirans-MacBook-Pro.local', ip: 'fe80:0:0:0:467:c7b7:5159:ffe3%en0', os.name: 'Mac OS X', os.arch: 'x86_64', os.version: '10.12.6', java.version: '1.8.0_101'
Driver info: io.appium.java_client.ios.IOSDriver
Capabilities [{app=/Users/gmx/Desktop/soYou_66/SoYou.app, networkConnectionEnabled=false, noReset=true, xcodeOrgId=V862VGVUC2, bundleId=com.joyn.soyou, databaseEnabled=false, deviceName=so's iPhone, xcodeSigningId=Default, platform=MAC, agentPath=/Users/gmx/node_modules/appium-xcuitest-driver/WebDriverAgent/WebDriverAgent.xcodeproj, bootstrapPath=/Users/gmx/node_modules/appium-xcuitest-driver/WebDriverAgent, platformVersion=10.2.1, webStorageEnabled=false, locationContextEnabled=false, automationName=XCUITest, useNewWDA=true, browserName=, takesScreenshot=true, javascriptEnabled=true, platformName=iOS, udid=e03daa8b2365bf156e6b0a31977add1b013b3a8a, autoAcceptAlerts=true}]
Session ID: c973eafb-27c4-4bab-96ef-52e18acfe182
*** Element info: {Using=xpath, value=//XCUIElementTypeTabBar/XCUIElementTypeButton}
	at sun.reflect.NativeConstructorAccessorImpl.newInstance0(Native Method)
	at sun.reflect.NativeConstructorAccessorImpl.newInstance(NativeConstructorAccessorImpl.java:62)
	at sun.reflect.DelegatingConstructorAccessorImpl.newInstance(DelegatingConstructorAccessorImpl.java:45)
	at java.lang.reflect.Constructor.newInstance(Constructor.java:423)
	at org.openqa.selenium.remote.ErrorHandler.createThrowable(ErrorHandler.java:216)
	at org.openqa.selenium.remote.ErrorHandler.throwIfResponseFailed(ErrorHandler.java:168)
	at org.openqa.selenium.remote.RemoteWebDriver.execute(RemoteWebDriver.java:638)
	at io.appium.java_client.DefaultGenericMobileDriver.execute(DefaultGenericMobileDriver.java:42)
	at io.appium.java_client.AppiumDriver.execute(AppiumDriver.java:1)
	at io.appium.java_client.ios.IOSDriver.execute(IOSDriver.java:1)
	at org.openqa.selenium.remote.RemoteWebDriver.findElements(RemoteWebDriver.java:396)
	at io.appium.java_client.DefaultGenericMobileDriver.findElements(DefaultGenericMobileDriver.java:54)
	at io.appium.java_client.AppiumDriver.findElements(AppiumDriver.java:168)
	at org.openqa.selenium.remote.RemoteWebDriver.findElementsByXPath(RemoteWebDriver.java:480)
	at io.appium.java_client.DefaultGenericMobileDriver.findElementsByXPath(DefaultGenericMobileDriver.java:144)
	at io.appium.java_client.AppiumDriver.findElementsByXPath(AppiumDriver.java:200)
	at org.openqa.selenium.By$ByXPath.findElements(By.java:356)
	at org.openqa.selenium.remote.RemoteWebDriver.findElements(RemoteWebDriver.java:359)
	at io.appium.java_client.DefaultGenericMobileDriver.findElements(DefaultGenericMobileDriver.java:50)
	at io.appium.java_client.AppiumDriver.findElements(AppiumDriver.java:164)
	at pageobjects.composescreen.IsselectContactsDisplayed(composescreen.java:80)
	at TestSc.composePage.composetextasGift(composePage.java:56)
	at sun.reflect.NativeMethodAccessorImpl.invoke0(Native Method)
	at sun.reflect.NativeMethodAccessorImpl.invoke(NativeMethodAccessorImpl.java:62)
	at sun.reflect.DelegatingMethodAccessorImpl.invoke(DelegatingMethodAccessorImpl.java:43)
	at java.lang.reflect.Method.invoke(Method.java:498)
	at org.testng.internal.MethodInvocationHelper.invokeMethod(MethodInvocationHelper.java:100)
	at org.testng.internal.Invoker.invokeMethod(Invoker.java:646)
	at org.testng.internal.Invoker.invokeTestMethod(Invoker.java:811)
	at org.testng.internal.Invoker.invokeTestMethods(Invoker.java:1137)
	at org.testng.internal.TestMethodWorker.invokeTestMethods(TestMethodWorker.java:129)
	at org.testng.internal.TestMethodWorker.run(TestMethodWorker.java:112)
	at org.testng.TestRunner.privateRun(TestRunner.java:753)
	at org.testng.TestRunner.run(TestRunner.java:607)
	at org.testng.SuiteRunner.runTest(SuiteRunner.java:368)
	at org.testng.SuiteRunner.runSequentially(SuiteRunner.java:363)
	at org.testng.SuiteRunner.privateRun(SuiteRunner.java:321)
	at org.testng.SuiteRunner.run(SuiteRunner.java:270)
	at org.testng.SuiteRunnerWorker.runSuite(SuiteRunnerWorker.java:52)
	at org.testng.SuiteRunnerWorker.run(SuiteRunnerWorker.java:86)
	at org.testng.TestNG.runSuitesSequentially(TestNG.java:1284)
	at org.testng.TestNG.runSuitesLocally(TestNG.java:1209)
	at org.testng.TestNG.runSuites(TestNG.java:1124)
	at org.testng.TestNG.run(TestNG.java:1096)
	at org.testng.remote.AbstractRemoteTestNG.run(AbstractRemoteTestNG.java:132)
	at org.testng.remote.RemoteTestNG.initAndRun(RemoteTestNG.java:236)
	at org.testng.remote.RemoteTestNG.main(RemoteTestNG.java:81)
]]>
            </full-stacktrace>
          </exception> <!-- org.openqa.selenium.NoSuchSessionException -->
          <reporter-output>
          </reporter-output>
        </test-method> <!-- composetextasGift -->
        <test-method status="PASS" signature="beforeMethod(java.lang.reflect.Method, java.lang.String)[pri:0, instance:TestSc.composePage@51dcb805]" name="beforeMethod" is-config="true" duration-ms="0" started-at="2017-10-04T10:06:34Z" finished-at="2017-10-04T10:06:34Z">
          <params>
            <param index="0">
              <value>
                <![CDATA[public void TestSc.composePage.composetextasGift(java.lang.String,java.lang.String,java.lang.String,java.lang.String,java.lang.String,java.lang.String,java.lang.String,java.lang.String,java.lang.String) throws java.io.IOException,java.lang.InterruptedException]]>
              </value>
            </param>
            <param index="1">
              <value>
                <![CDATA[default]]>
              </value>
            </param>
          </params>
          <reporter-output>
          </reporter-output>
        </test-method> <!-- beforeMethod -->
        <test-method status="PASS" signature="afterMethod(org.testng.ITestResult)[pri:0, instance:TestSc.composePage@51dcb805]" name="afterMethod" is-config="true" duration-ms="34" started-at="2017-10-04T10:06:35Z" finished-at="2017-10-04T10:06:35Z">
          <params>
            <param index="0">
              <value>
                <![CDATA[[TestResult name=composetextasGift status=FAILURE method=composePage.composetextasGift(java.lang.String, java.lang.String, java.lang.String, java.lang.String, java.lang.String, java.lang.String, java.lang.String, java.lang.String, java.lang.String)[pri:29, instance:TestSc.composePage@51dcb805] output={null}]]]>
              </value>
            </param>
          </params>
          <reporter-output>
          </reporter-output>
        </test-method> <!-- afterMethod -->
        <test-method status="PASS" signature="beforeMethod(java.lang.reflect.Method, java.lang.String)[pri:0, instance:TestSc.composePage@51dcb805]" name="beforeMethod" is-config="true" duration-ms="1" started-at="2017-10-04T10:06:35Z" finished-at="2017-10-04T10:06:35Z">
          <params>
            <param index="0">
              <value>
                <![CDATA[public void TestSc.composePage.composeWeblinkasGift(java.lang.String,java.lang.String,java.lang.String,java.lang.String,java.lang.String,java.lang.String,java.lang.String,java.lang.String,java.lang.String) throws java.io.IOException,java.lang.InterruptedException]]>
              </value>
            </param>
            <param index="1">
              <value>
                <![CDATA[default]]>
              </value>
            </param>
          </params>
          <reporter-output>
          </reporter-output>
        </test-method> <!-- beforeMethod -->
        <test-method status="FAIL" signature="composeWeblinkasGift(java.lang.String, java.lang.String, java.lang.String, java.lang.String, java.lang.String, java.lang.String, java.lang.String, java.lang.String, java.lang.String)[pri:30, instance:TestSc.composePage@51dcb805]" name="composeWeblinkasGift" duration-ms="513" started-at="2017-10-04T10:06:35Z" data-provider="details" finished-at="2017-10-04T10:06:35Z">
          <params>
            <param index="0">
              <value>
                <![CDATA[7845640866]]>
              </value>
            </param>
            <param index="1">
              <value>
                <![CDATA[India]]>
              </value>
            </param>
            <param index="2">
              <value>
                <![CDATA[Bob]]>
              </value>
            </param>
            <param index="3">
              <value>
                <![CDATA[Builder]]>
              </value>
            </param>
            <param index="4">
              <value>
                <![CDATA[BobBuilder@cn.com]]>
              </value>
            </param>
            <param index="5">
              <value>
                <![CDATA[Hello Dear ]]>
              </value>
            </param>
            <param index="6">
              <value>
                <![CDATA[https://www.google.co.in/]]>
              </value>
            </param>
            <param index="7">
              <value>
                <![CDATA[Kiran Gmx]]>
              </value>
            </param>
            <param index="8">
              <value>
                <![CDATA[Testing]]>
              </value>
            </param>
          </params>
          <exception class="org.openqa.selenium.NoSuchSessionException">
            <message>
              <![CDATA[A session is either terminated or not started (WARNING: The server did not provide any stacktrace information)
Command duration or timeout: 7 milliseconds
Build info: version: '3.3.1', revision: '5234b325d5', time: '2017-03-10 09:10:29 +0000'
System info: host: 'kirans-MacBook-Pro.local', ip: 'fe80:0:0:0:467:c7b7:5159:ffe3%en0', os.name: 'Mac OS X', os.arch: 'x86_64', os.version: '10.12.6', java.version: '1.8.0_101'
Driver info: io.appium.java_client.ios.IOSDriver
Capabilities [{app=/Users/gmx/Desktop/soYou_66/SoYou.app, networkConnectionEnabled=false, noReset=true, xcodeOrgId=V862VGVUC2, bundleId=com.joyn.soyou, databaseEnabled=false, deviceName=so's iPhone, xcodeSigningId=Default, platform=MAC, agentPath=/Users/gmx/node_modules/appium-xcuitest-driver/WebDriverAgent/WebDriverAgent.xcodeproj, bootstrapPath=/Users/gmx/node_modules/appium-xcuitest-driver/WebDriverAgent, platformVersion=10.2.1, webStorageEnabled=false, locationContextEnabled=false, automationName=XCUITest, useNewWDA=true, browserName=, takesScreenshot=true, javascriptEnabled=true, platformName=iOS, udid=e03daa8b2365bf156e6b0a31977add1b013b3a8a, autoAcceptAlerts=true}]
Session ID: c973eafb-27c4-4bab-96ef-52e18acfe182
*** Element info: {Using=xpath, value=//XCUIElementTypeTabBar/XCUIElementTypeButton}]]>
            </message>
            <full-stacktrace>
              <![CDATA[org.openqa.selenium.NoSuchSessionException: A session is either terminated or not started (WARNING: The server did not provide any stacktrace information)
Command duration or timeout: 7 milliseconds
Build info: version: '3.3.1', revision: '5234b325d5', time: '2017-03-10 09:10:29 +0000'
System info: host: 'kirans-MacBook-Pro.local', ip: 'fe80:0:0:0:467:c7b7:5159:ffe3%en0', os.name: 'Mac OS X', os.arch: 'x86_64', os.version: '10.12.6', java.version: '1.8.0_101'
Driver info: io.appium.java_client.ios.IOSDriver
Capabilities [{app=/Users/gmx/Desktop/soYou_66/SoYou.app, networkConnectionEnabled=false, noReset=true, xcodeOrgId=V862VGVUC2, bundleId=com.joyn.soyou, databaseEnabled=false, deviceName=so's iPhone, xcodeSigningId=Default, platform=MAC, agentPath=/Users/gmx/node_modules/appium-xcuitest-driver/WebDriverAgent/WebDriverAgent.xcodeproj, bootstrapPath=/Users/gmx/node_modules/appium-xcuitest-driver/WebDriverAgent, platformVersion=10.2.1, webStorageEnabled=false, locationContextEnabled=false, automationName=XCUITest, useNewWDA=true, browserName=, takesScreenshot=true, javascriptEnabled=true, platformName=iOS, udid=e03daa8b2365bf156e6b0a31977add1b013b3a8a, autoAcceptAlerts=true}]
Session ID: c973eafb-27c4-4bab-96ef-52e18acfe182
*** Element info: {Using=xpath, value=//XCUIElementTypeTabBar/XCUIElementTypeButton}
	at sun.reflect.NativeConstructorAccessorImpl.newInstance0(Native Method)
	at sun.reflect.NativeConstructorAccessorImpl.newInstance(NativeConstructorAccessorImpl.java:62)
	at sun.reflect.DelegatingConstructorAccessorImpl.newInstance(DelegatingConstructorAccessorImpl.java:45)
	at java.lang.reflect.Constructor.newInstance(Constructor.java:423)
	at org.openqa.selenium.remote.ErrorHandler.createThrowable(ErrorHandler.java:216)
	at org.openqa.selenium.remote.ErrorHandler.throwIfResponseFailed(ErrorHandler.java:168)
	at org.openqa.selenium.remote.RemoteWebDriver.execute(RemoteWebDriver.java:638)
	at io.appium.java_client.DefaultGenericMobileDriver.execute(DefaultGenericMobileDriver.java:42)
	at io.appium.java_client.AppiumDriver.execute(AppiumDriver.java:1)
	at io.appium.java_client.ios.IOSDriver.execute(IOSDriver.java:1)
	at org.openqa.selenium.remote.RemoteWebDriver.findElements(RemoteWebDriver.java:396)
	at io.appium.java_client.DefaultGenericMobileDriver.findElements(DefaultGenericMobileDriver.java:54)
	at io.appium.java_client.AppiumDriver.findElements(AppiumDriver.java:168)
	at org.openqa.selenium.remote.RemoteWebDriver.findElementsByXPath(RemoteWebDriver.java:480)
	at io.appium.java_client.DefaultGenericMobileDriver.findElementsByXPath(DefaultGenericMobileDriver.java:144)
	at io.appium.java_client.AppiumDriver.findElementsByXPath(AppiumDriver.java:200)
	at org.openqa.selenium.By$ByXPath.findElements(By.java:356)
	at org.openqa.selenium.remote.RemoteWebDriver.findElements(RemoteWebDriver.java:359)
	at io.appium.java_client.DefaultGenericMobileDriver.findElements(DefaultGenericMobileDriver.java:50)
	at io.appium.java_client.AppiumDriver.findElements(AppiumDriver.java:164)
	at pageobjects.composescreen.IsselectContactsDisplayed(composescreen.java:80)
	at TestSc.composePage.composeWeblinkasGift(composePage.java:66)
	at sun.reflect.NativeMethodAccessorImpl.invoke0(Native Method)
	at sun.reflect.NativeMethodAccessorImpl.invoke(NativeMethodAccessorImpl.java:62)
	at sun.reflect.DelegatingMethodAccessorImpl.invoke(DelegatingMethodAccessorImpl.java:43)
	at java.lang.reflect.Method.invoke(Method.java:498)
	at org.testng.internal.MethodInvocationHelper.invokeMethod(MethodInvocationHelper.java:100)
	at org.testng.internal.Invoker.invokeMethod(Invoker.java:646)
	at org.testng.internal.Invoker.invokeTestMethod(Invoker.java:811)
	at org.testng.internal.Invoker.invokeTestMethods(Invoker.java:1137)
	at org.testng.internal.TestMethodWorker.invokeTestMethods(TestMethodWorker.java:129)
	at org.testng.internal.TestMethodWorker.run(TestMethodWorker.java:112)
	at org.testng.TestRunner.privateRun(TestRunner.java:753)
	at org.testng.TestRunner.run(TestRunner.java:607)
	at org.testng.SuiteRunner.runTest(SuiteRunner.java:368)
	at org.testng.SuiteRunner.runSequentially(SuiteRunner.java:363)
	at org.testng.SuiteRunner.privateRun(SuiteRunner.java:321)
	at org.testng.SuiteRunner.run(SuiteRunner.java:270)
	at org.testng.SuiteRunnerWorker.runSuite(SuiteRunnerWorker.java:52)
	at org.testng.SuiteRunnerWorker.run(SuiteRunnerWorker.java:86)
	at org.testng.TestNG.runSuitesSequentially(TestNG.java:1284)
	at org.testng.TestNG.runSuitesLocally(TestNG.java:1209)
	at org.testng.TestNG.runSuites(TestNG.java:1124)
	at org.testng.TestNG.run(TestNG.java:1096)
	at org.testng.remote.AbstractRemoteTestNG.run(AbstractRemoteTestNG.java:132)
	at org.testng.remote.RemoteTestNG.initAndRun(RemoteTestNG.java:236)
	at org.testng.remote.RemoteTestNG.main(RemoteTestNG.java:81)
]]>
            </full-stacktrace>
          </exception> <!-- org.openqa.selenium.NoSuchSessionException -->
          <reporter-output>
          </reporter-output>
        </test-method> <!-- composeWeblinkasGift -->
        <test-method status="PASS" signature="afterMethod(org.testng.ITestResult)[pri:0, instance:TestSc.composePage@51dcb805]" name="afterMethod" is-config="true" duration-ms="44" started-at="2017-10-04T10:06:35Z" finished-at="2017-10-04T10:06:35Z">
          <params>
            <param index="0">
              <value>
                <![CDATA[[TestResult name=composeWeblinkasGift status=FAILURE method=composePage.composeWeblinkasGift(java.lang.String, java.lang.String, java.lang.String, java.lang.String, java.lang.String, java.lang.String, java.lang.String, java.lang.String, java.lang.String)[pri:30, instance:TestSc.composePage@51dcb805] output={null}]]]>
              </value>
            </param>
          </params>
          <reporter-output>
          </reporter-output>
        </test-method> <!-- afterMethod -->
        <test-method status="PASS" signature="afterClass()[pri:0, instance:TestSc.composePage@51dcb805]" name="afterClass" is-config="true" duration-ms="0" started-at="2017-10-04T10:06:35Z" finished-at="2017-10-04T10:06:35Z">
          <reporter-output>
          </reporter-output>
        </test-method> <!-- afterClass -->
        <test-method status="PASS" signature="afterSuite()[pri:0, instance:TestSc.composePage@51dcb805]" name="afterSuite" is-config="true" duration-ms="30" started-at="2017-10-04T10:06:35Z" finished-at="2017-10-04T10:06:36Z">
          <reporter-output>
          </reporter-output>
        </test-method> <!-- afterSuite -->
      </class> <!-- TestSc.composePage -->
    </test> <!-- soYou -->
  </suite> <!-- Regression Test -->
</testng-results>
