<?xml version="1.0" encoding="UTF-8"?>
<!-- Generated by org.testng.reporters.JUnitReportReporter -->
<testsuite skipped="6" hostname="Anshuls-MacBook-Pro.local" name="TestSc.welcomescreen" tests="7" failures="0" timestamp="26 Mar 2018 12:17:09 GMT" time="67.856" errors="1">
  <testcase name="beforeClass" time="67.856" classname="TestSc.welcomescreen">
    <error type="org.openqa.selenium.SessionNotCreatedException" message="Unable to create new remote session. desired capabilities = Capabilities [{app=/Users/anshulharinkhere/Library/Developer/Xcode/DerivedData/SoYou-dobzstlzhtfwkjdvgccohyhwlqfc/Build/Products/Debug-iphoneos/SoYou.app, noReset=false, xcodeOrgId=V862VGVUC2, bundleId=com.joyn.soyou, deviceName=iPhone, xcodeSigningId=Default, agentPath=/usr/local/lib/node_modules/appium/node_modules/appium-xcuitest-driver/WebDriverAgent/WebDriverAgent.xcodeproj, bootstrapPath=/usr/local/lib/node_modules/appium/node_modules/appium-xcuitest-driver/WebDriverAgent, platformVersion=11.1.2, automationName=XCUITest, useNewWDA=true, platformName=iOS, udid=0c4d88ae8ffeaac0a58b59b9f7d2a9788488203d, autoAcceptAlerts=true}], required capabilities = Capabilities [{}]
Build info: version: &#039;3.3.1&#039;, revision: &#039;5234b325d5&#039;, time: &#039;2017-03-10 09:10:29 +0000&#039;
System info: host: &#039;Anshuls-MacBook-Pro.local&#039;, ip: &#039;fe80:0:0:0:849:640d:bfc5:a48d%en0&#039;, os.name: &#039;Mac OS X&#039;, os.arch: &#039;x86_64&#039;, os.version: &#039;10.12.6&#039;, java.version: &#039;1.8.0_131&#039;
Driver info: driver.version: IOSDriver">
      <![CDATA[org.openqa.selenium.SessionNotCreatedException: Unable to create new remote session. desired capabilities = Capabilities [{app=/Users/anshulharinkhere/Library/Developer/Xcode/DerivedData/SoYou-dobzstlzhtfwkjdvgccohyhwlqfc/Build/Products/Debug-iphoneos/SoYou.app, noReset=false, xcodeOrgId=V862VGVUC2, bundleId=com.joyn.soyou, deviceName=iPhone, xcodeSigningId=Default, agentPath=/usr/local/lib/node_modules/appium/node_modules/appium-xcuitest-driver/WebDriverAgent/WebDriverAgent.xcodeproj, bootstrapPath=/usr/local/lib/node_modules/appium/node_modules/appium-xcuitest-driver/WebDriverAgent, platformVersion=11.1.2, automationName=XCUITest, useNewWDA=true, platformName=iOS, udid=0c4d88ae8ffeaac0a58b59b9f7d2a9788488203d, autoAcceptAlerts=true}], required capabilities = Capabilities [{}]
Build info: version: '3.3.1', revision: '5234b325d5', time: '2017-03-10 09:10:29 +0000'
System info: host: 'Anshuls-MacBook-Pro.local', ip: 'fe80:0:0:0:849:640d:bfc5:a48d%en0', os.name: 'Mac OS X', os.arch: 'x86_64', os.version: '10.12.6', java.version: '1.8.0_131'
Driver info: driver.version: IOSDriver
	at io.appium.java_client.remote.AppiumProtocolHandShake.lambda$1(AppiumProtocolHandShake.java:96)
	at java.util.Optional.orElseThrow(Optional.java:290)
	at io.appium.java_client.remote.AppiumProtocolHandShake.createSession(AppiumProtocolHandShake.java:96)
	at io.appium.java_client.remote.AppiumCommandExecutor.doExecute(AppiumCommandExecutor.java:111)
	at io.appium.java_client.remote.AppiumCommandExecutor.execute(AppiumCommandExecutor.java:162)
	at org.openqa.selenium.remote.RemoteWebDriver.execute(RemoteWebDriver.java:604)
	at io.appium.java_client.DefaultGenericMobileDriver.execute(DefaultGenericMobileDriver.java:42)
	at io.appium.java_client.AppiumDriver.execute(AppiumDriver.java:1)
	at io.appium.java_client.ios.IOSDriver.execute(IOSDriver.java:1)
	at org.openqa.selenium.remote.RemoteWebDriver.startSession(RemoteWebDriver.java:244)
	at org.openqa.selenium.remote.RemoteWebDriver.<init>(RemoteWebDriver.java:131)
	at org.openqa.selenium.remote.RemoteWebDriver.<init>(RemoteWebDriver.java:144)
	at io.appium.java_client.DefaultGenericMobileDriver.<init>(DefaultGenericMobileDriver.java:38)
	at io.appium.java_client.AppiumDriver.<init>(AppiumDriver.java:88)
	at io.appium.java_client.AppiumDriver.<init>(AppiumDriver.java:112)
	at io.appium.java_client.ios.IOSDriver.<init>(IOSDriver.java:78)
	at com.framework.internal.feature.AppiumDriverFactory.getDriveriOS(AppiumDriverFactory.java:73)
	at com.framework.internal.feature.AppiumDriverInitializer.getAppiumDriverios(AppiumDriverInitializer.java:14)
	at com.framework.internal.feature.AppInitializer.beforeClass(AppInitializer.java:86)
	at sun.reflect.NativeMethodAccessorImpl.invoke0(Native Method)
	at sun.reflect.NativeMethodAccessorImpl.invoke(NativeMethodAccessorImpl.java:62)
	at sun.reflect.DelegatingMethodAccessorImpl.invoke(DelegatingMethodAccessorImpl.java:43)
	at java.lang.reflect.Method.invoke(Method.java:498)
	at org.testng.internal.MethodInvocationHelper.invokeMethod(MethodInvocationHelper.java:108)
	at org.testng.internal.Invoker.invokeConfigurationMethod(Invoker.java:523)
	at org.testng.internal.Invoker.invokeConfigurations(Invoker.java:224)
	at org.testng.internal.Invoker.invokeConfigurations(Invoker.java:146)
	at org.testng.internal.TestMethodWorker.invokeBeforeClassMethods(TestMethodWorker.java:166)
	at org.testng.internal.TestMethodWorker.run(TestMethodWorker.java:105)
	at org.testng.TestRunner.privateRun(TestRunner.java:744)
	at org.testng.TestRunner.run(TestRunner.java:602)
	at org.testng.SuiteRunner.runTest(SuiteRunner.java:380)
	at org.testng.SuiteRunner.runSequentially(SuiteRunner.java:375)
	at org.testng.SuiteRunner.privateRun(SuiteRunner.java:340)
	at org.testng.SuiteRunner.run(SuiteRunner.java:289)
	at org.testng.SuiteRunnerWorker.runSuite(SuiteRunnerWorker.java:52)
	at org.testng.SuiteRunnerWorker.run(SuiteRunnerWorker.java:86)
	at org.testng.TestNG.runSuitesSequentially(TestNG.java:1301)
	at org.testng.TestNG.runSuitesLocally(TestNG.java:1226)
	at org.testng.TestNG.runSuites(TestNG.java:1144)
	at org.testng.TestNG.run(TestNG.java:1115)
	at org.testng.remote.AbstractRemoteTestNG.run(AbstractRemoteTestNG.java:132)
	at org.testng.remote.RemoteTestNG.initAndRun(RemoteTestNG.java:230)
	at org.testng.remote.RemoteTestNG.main(RemoteTestNG.java:76)
]]>
    </error>
  </testcase> <!-- beforeClass -->
  <testcase name="Welcomepage" time="0.000" classname="TestSc.welcomescreen">
    <skipped/>
  </testcase> <!-- Welcomepage -->
  <testcase name="Welcomepage2" time="0.000" classname="TestSc.welcomescreen">
    <skipped/>
  </testcase> <!-- Welcomepage2 -->
  <testcase name="Welcomepage3" time="0.000" classname="TestSc.welcomescreen">
    <skipped/>
  </testcase> <!-- Welcomepage3 -->
  <testcase name="Welcomepage4" time="0.000" classname="TestSc.welcomescreen">
    <skipped/>
  </testcase> <!-- Welcomepage4 -->
  <testcase name="Welcomepage5" time="0.000" classname="TestSc.welcomescreen">
    <skipped/>
  </testcase> <!-- Welcomepage5 -->
  <testcase name="NotificationPoup" time="0.000" classname="TestSc.welcomescreen">
    <skipped/>
  </testcase> <!-- NotificationPoup -->
</testsuite> <!-- TestSc.welcomescreen -->
